Using pre-set license
Built from '2022.3/staging' branch; Version is '2022.3.60f1 (5f63fdee6d95) revision 6251517'; Using compiler version '192829333'; Build Type 'Release'
OS: 'Windows 11  (10.0.26100) 64bit Professional' Language: 'ko' Physical Memory: 32373 MB
BatchMode: 1, IsHumanControllingUs: 0, StartBugReporterOnCrash: 0, Is64bit: 1, IsPro: 1

COMMAND LINE ARGUMENTS:
C:\Program Files\Unity\Hub\Editor\2022.3.60f1\Editor\Unity.exe
-adb2
-batchMode
-noUpm
-name
AssetImportWorker11
-projectPath
C:/Users/ziwoo/Documents/GitHub/Project_B
-logFile
Logs/AssetImportWorker11.log
-srvPort
54194
Successfully changed project path to: C:/Users/ziwoo/Documents/GitHub/Project_B
C:/Users/ziwoo/Documents/GitHub/Project_B
[UnityMemory] Configuration Parameters - Can be set up in boot.config
    "memorysetup-bucket-allocator-granularity=16"
    "memorysetup-bucket-allocator-bucket-count=8"
    "memorysetup-bucket-allocator-block-size=33554432"
    "memorysetup-bucket-allocator-block-count=8"
    "memorysetup-main-allocator-block-size=16777216"
    "memorysetup-thread-allocator-block-size=16777216"
    "memorysetup-gfx-main-allocator-block-size=16777216"
    "memorysetup-gfx-thread-allocator-block-size=16777216"
    "memorysetup-cache-allocator-block-size=4194304"
    "memorysetup-typetree-allocator-block-size=2097152"
    "memorysetup-profiler-bucket-allocator-granularity=16"
    "memorysetup-profiler-bucket-allocator-bucket-count=8"
    "memorysetup-profiler-bucket-allocator-block-size=33554432"
    "memorysetup-profiler-bucket-allocator-block-count=8"
    "memorysetup-profiler-allocator-block-size=16777216"
    "memorysetup-profiler-editor-allocator-block-size=1048576"
    "memorysetup-temp-allocator-size-main=16777216"
    "memorysetup-job-temp-allocator-block-size=2097152"
    "memorysetup-job-temp-allocator-block-size-background=1048576"
    "memorysetup-job-temp-allocator-reduction-small-platforms=262144"
    "memorysetup-allocator-temp-initial-block-size-main=262144"
    "memorysetup-allocator-temp-initial-block-size-worker=262144"
    "memorysetup-temp-allocator-size-background-worker=32768"
    "memorysetup-temp-allocator-size-job-worker=262144"
    "memorysetup-temp-allocator-size-preload-manager=33554432"
    "memorysetup-temp-allocator-size-nav-mesh-worker=65536"
    "memorysetup-temp-allocator-size-audio-worker=65536"
    "memorysetup-temp-allocator-size-cloud-worker=32768"
    "memorysetup-temp-allocator-size-gi-baking-worker=262144"
    "memorysetup-temp-allocator-size-gfx=262144"
Player connection [1780]  Target information:

Player connection [1780]  * "[IP] 125.186.26.120 [Port] 0 [Flags] 2 [Guid] 1356359911 [EditorId] 1356359911 [Version] 1048832 [Id] WindowsEditor(7,Jiwoo) [Debug] 1 [PackageName] WindowsEditor [ProjectName] Editor" 

Player connection [1780] Host joined multi-casting on [225.0.0.222:54997]...
Player connection [1780] Host joined alternative multi-casting on [225.0.0.222:34997]...
Input System module state changed to: Initialized.
[PhysX] Initialized MultithreadedTaskDispatcher with 12 workers.
Refreshing native plugins compatible for Editor in 4.08 ms, found 1 plugins.
Preloading 0 native plugins for Editor in 0.00 ms.
Initialize engine version: 2022.3.60f1 (5f63fdee6d95)
[Subsystems] Discovering subsystems at path C:/Program Files/Unity/Hub/Editor/2022.3.60f1/Editor/Data/Resources/UnitySubsystems
[Subsystems] Discovering subsystems at path C:/Users/ziwoo/Documents/GitHub/Project_B/Assets
GfxDevice: creating device client; threaded=0; jobified=0
Direct3D:
    Version:  Direct3D 11.0 [level 11.1]
    Renderer: NVIDIA GeForce RTX 4070 SUPER (ID=0x2783)
    Vendor:   NVIDIA
    VRAM:     11999 MB
    Driver:   32.0.15.6614
Initialize mono
Mono path[0] = 'C:/Program Files/Unity/Hub/Editor/2022.3.60f1/Editor/Data/Managed'
Mono path[1] = 'C:/Program Files/Unity/Hub/Editor/2022.3.60f1/Editor/Data/MonoBleedingEdge/lib/mono/unityjit-win32'
Mono config path = 'C:/Program Files/Unity/Hub/Editor/2022.3.60f1/Editor/Data/MonoBleedingEdge/etc'
Using monoOptions --debugger-agent=transport=dt_socket,embedding=1,server=y,suspend=n,address=127.0.0.1:56144
Begin MonoManager ReloadAssembly
Registering precompiled unity dll's ...
Register platform support module: C:/Program Files/Unity/Hub/Editor/2022.3.60f1/Editor/Data/PlaybackEngines/AndroidPlayer/UnityEditor.Android.Extensions.dll
Register platform support module: C:/Program Files/Unity/Hub/Editor/2022.3.60f1/Editor/Data/PlaybackEngines/WindowsStandaloneSupport/UnityEditor.WindowsStandalone.Extensions.dll
Registered in 0.008674 seconds.
- Loaded All Assemblies, in  0.233 seconds
Native extension for WindowsStandalone target not found
Native extension for Android target not found
Android Extension - Scanning For ADB Devices 214 ms
Mono: successfully reloaded assembly
- Finished resetting the current domain, in  0.397 seconds
Domain Reload Profiling: 628ms
	BeginReloadAssembly (71ms)
		ExecutionOrderSort (0ms)
		DisableScriptedObjects (0ms)
		BackupInstance (0ms)
		ReleaseScriptingObjects (0ms)
		CreateAndSetChildDomain (0ms)
	RebuildCommonClasses (20ms)
	RebuildNativeTypeToScriptingClass (7ms)
	initialDomainReloadingComplete (44ms)
	LoadAllAssembliesAndSetupDomain (89ms)
		LoadAssemblies (70ms)
		RebuildTransferFunctionScriptingTraits (0ms)
		AnalyzeDomain (87ms)
			TypeCache.Refresh (86ms)
				TypeCache.ScanAssembly (78ms)
			ScanForSourceGeneratedMonoScriptInfo (0ms)
			ResolveRequiredComponents (0ms)
	FinalizeReload (397ms)
		ReleaseScriptCaches (0ms)
		RebuildScriptCaches (0ms)
		SetupLoadedEditorAssemblies (371ms)
			LogAssemblyErrors (0ms)
			InitializePlatformSupportModulesInManaged (263ms)
			SetLoadedEditorAssemblies (3ms)
			RefreshPlugins (0ms)
			BeforeProcessingInitializeOnLoad (2ms)
			ProcessInitializeOnLoadAttributes (73ms)
			ProcessInitializeOnLoadMethodAttributes (30ms)
			AfterProcessingInitializeOnLoad (0ms)
			EditorAssembliesLoaded (0ms)
		ExecutionOrderSort2 (0ms)
		AwakeInstancesAfterBackupRestoration (0ms)
========================================================================
Worker process is ready to serve import requests
Caller must complete domain reload
Begin MonoManager ReloadAssembly
- Loaded All Assemblies, in  0.281 seconds
Native extension for WindowsStandalone target not found
Native extension for Android target not found
Mono: successfully reloaded assembly
- Finished resetting the current domain, in  0.275 seconds
Domain Reload Profiling: 555ms
	BeginReloadAssembly (95ms)
		ExecutionOrderSort (0ms)
		DisableScriptedObjects (3ms)
		BackupInstance (0ms)
		ReleaseScriptingObjects (0ms)
		CreateAndSetChildDomain (16ms)
	RebuildCommonClasses (20ms)
	RebuildNativeTypeToScriptingClass (6ms)
	initialDomainReloadingComplete (25ms)
	LoadAllAssembliesAndSetupDomain (134ms)
		LoadAssemblies (145ms)
		RebuildTransferFunctionScriptingTraits (0ms)
		AnalyzeDomain (44ms)
			TypeCache.Refresh (35ms)
				TypeCache.ScanAssembly (28ms)
			ScanForSourceGeneratedMonoScriptInfo (7ms)
			ResolveRequiredComponents (1ms)
	FinalizeReload (276ms)
		ReleaseScriptCaches (0ms)
		RebuildScriptCaches (0ms)
		SetupLoadedEditorAssemblies (193ms)
			LogAssemblyErrors (0ms)
			InitializePlatformSupportModulesInManaged (13ms)
			SetLoadedEditorAssemblies (3ms)
			RefreshPlugins (0ms)
			BeforeProcessingInitializeOnLoad (40ms)
			ProcessInitializeOnLoadAttributes (109ms)
			ProcessInitializeOnLoadMethodAttributes (22ms)
			AfterProcessingInitializeOnLoad (6ms)
			EditorAssembliesLoaded (0ms)
		ExecutionOrderSort2 (0ms)
		AwakeInstancesAfterBackupRestoration (8ms)
Launched and connected shader compiler UnityShaderCompiler.exe after 0.03 seconds
Refreshing native plugins compatible for Editor in 2.00 ms, found 1 plugins.
Preloading 0 native plugins for Editor in 0.00 ms.
Unloading 1588 Unused Serialized files (Serialized files now loaded: 0)
Unloading 22 unused Assets / (52.5 KB). Loaded Objects now: 2070.
Memory consumption went from 86.5 MB to 86.5 MB.
Total: 2.036300 ms (FindLiveObjects: 0.083100 ms CreateObjectMapping: 0.019400 ms MarkObjects: 1.855500 ms  DeleteObjects: 0.077600 ms)

AssetImportParameters requested are different than current active one (requested -> active):
  custom:video-encoder-webm-vp8: eb34c28f22e8b96e1ab97ce403110664 -> 
  custom:video-decoder-webm-vp8: 9c59270c3fd7afecdb556c50c9e8de78 -> 
  custom:audio-decoder-ogg-vorbis: bf7c407c2cedff20999df2af8eb42d56 -> 
  custom:SearchIndexIgnoredProperties: e643bd26f0fe6173181afceb89e7c659 -> 
  custom:container-demuxer-ogg: 62fdf1f143b41e24485cea50d1cbac27 -> 
  custom:AudioImporter_EditorPlatform: d09bf68614088b80899f8185d706f6e7 -> 
  custom:CustomObjectIndexerAttribute: 9a22284fe3817be447336de3de66b15e -> 
  custom:container-demuxer-webm: 4f35f7cbe854078d1ac9338744f61a02 -> 
  custom:video-codec-MediaFoundation-h265: 746d11721c4dcdbdad8f713fa42b33f4 -> 
  custom:video-decoder-ogg-theora: a1e56fd34408186e4bbccfd4996cb3dc -> 
  custom:audio-encoder-webm-vorbis: bf7c407c2cedff20999df2af8eb42d56 -> 
  custom:framework-win-MediaFoundation: 216162199b28c13a410421893ffa2e32 -> 
  custom:scripting/monoscript/fileName/Copy.cs: 8a234045c367ec555ba1861199beabfa -> 2fdeb61c78c968c0aebacc4afd2478f5
  custom:container-muxer-webm: aa71ff27fc2769a1b78a27578f13a17b -> 
========================================================================
Received Import Request.
  Time since last request: 2059844.450320 seconds.
  path: Assets/Resources/Prefabs/Ingame/Character/Enemy/Enemy_Melee_AxeBerserker.prefab
  artifactKey: Guid(5d1eec89dbf4b46cfadf7c59071e9317) Importer(815301076,1909f56bfc062723c751e8b465ee728b)
Start importing Assets/Resources/Prefabs/Ingame/Character/Enemy/Enemy_Melee_AxeBerserker.prefab using Guid(5d1eec89dbf4b46cfadf7c59071e9317) Importer(815301076,1909f56bfc062723c751e8b465ee728b) [PhysX] Initialized MultithreadedTaskDispatcher with 12 workers.
[PhysX] Initialized MultithreadedTaskDispatcher with 12 workers.
 -> (artifact id: 'c0ce87ef0e23a4687390ac91fc216e3d') in 0.081983 seconds
Number of updated asset objects reloaded before import = 0
Number of asset objects unloaded after import = 263
========================================================================
Received Import Request.
  Time since last request: 5.349726 seconds.
  path: Assets/Resources/Prefabs/Ingame/Character/Enemy/Enemy_Melee_AxeBerserker.prefab
  artifactKey: Guid(5d1eec89dbf4b46cfadf7c59071e9317) Importer(815301076,1909f56bfc062723c751e8b465ee728b)
Start importing Assets/Resources/Prefabs/Ingame/Character/Enemy/Enemy_Melee_AxeBerserker.prefab using Guid(5d1eec89dbf4b46cfadf7c59071e9317) Importer(815301076,1909f56bfc062723c751e8b465ee728b) [PhysX] Initialized MultithreadedTaskDispatcher with 12 workers.
[PhysX] Initialized MultithreadedTaskDispatcher with 12 workers.
 -> (artifact id: 'be9b0c9a83c7d8bef47922bd3638aabc') in 0.022557 seconds
Number of updated asset objects reloaded before import = 0
Number of asset objects unloaded after import = 263
========================================================================
Received Import Request.
  Time since last request: 4.216155 seconds.
  path: Assets/Resources/Prefabs/Ingame/Character/Enemy/Enemy_Melee_AxeBerserker.prefab
  artifactKey: Guid(5d1eec89dbf4b46cfadf7c59071e9317) Importer(815301076,1909f56bfc062723c751e8b465ee728b)
Start importing Assets/Resources/Prefabs/Ingame/Character/Enemy/Enemy_Melee_AxeBerserker.prefab using Guid(5d1eec89dbf4b46cfadf7c59071e9317) Importer(815301076,1909f56bfc062723c751e8b465ee728b) [PhysX] Initialized MultithreadedTaskDispatcher with 12 workers.
[PhysX] Initialized MultithreadedTaskDispatcher with 12 workers.
 -> (artifact id: '5ff1e48d75671c24cc91f937a6dbd343') in 0.023670 seconds
Number of updated asset objects reloaded before import = 0
Number of asset objects unloaded after import = 263
========================================================================
Received Import Request.
  Time since last request: 7.620499 seconds.
  path: Assets/Resources/Prefabs/Ingame/Character/Enemy/Enemy_Melee_AxeBerserker.prefab
  artifactKey: Guid(5d1eec89dbf4b46cfadf7c59071e9317) Importer(815301076,1909f56bfc062723c751e8b465ee728b)
Start importing Assets/Resources/Prefabs/Ingame/Character/Enemy/Enemy_Melee_AxeBerserker.prefab using Guid(5d1eec89dbf4b46cfadf7c59071e9317) Importer(815301076,1909f56bfc062723c751e8b465ee728b) [PhysX] Initialized MultithreadedTaskDispatcher with 12 workers.
[PhysX] Initialized MultithreadedTaskDispatcher with 12 workers.
 -> (artifact id: '4f27d501d4f104cc7c5a55e4278ff418') in 0.046409 seconds
Number of updated asset objects reloaded before import = 0
Number of asset objects unloaded after import = 263
========================================================================
Received Import Request.
  Time since last request: 9.573029 seconds.
  path: Assets/Resources/Prefabs/Ingame/Character/Enemy/Enemy_Melee_DoubleSword.prefab
  artifactKey: Guid(a4696a02c7fa04918a30ca6051a8901e) Importer(815301076,1909f56bfc062723c751e8b465ee728b)
Start importing Assets/Resources/Prefabs/Ingame/Character/Enemy/Enemy_Melee_DoubleSword.prefab using Guid(a4696a02c7fa04918a30ca6051a8901e) Importer(815301076,1909f56bfc062723c751e8b465ee728b) [PhysX] Initialized MultithreadedTaskDispatcher with 12 workers.
[PhysX] Initialized MultithreadedTaskDispatcher with 12 workers.
 -> (artifact id: '1be4c83b4bad37a27a002a409c9b398f') in 0.021014 seconds
Number of updated asset objects reloaded before import = 0
Number of asset objects unloaded after import = 261
========================================================================
Received Import Request.
  Time since last request: 3.207100 seconds.
  path: Assets/Resources/Prefabs/Ingame/Character/Enemy/Enemy_Melee_DoubleSword.prefab
  artifactKey: Guid(a4696a02c7fa04918a30ca6051a8901e) Importer(815301076,1909f56bfc062723c751e8b465ee728b)
Start importing Assets/Resources/Prefabs/Ingame/Character/Enemy/Enemy_Melee_DoubleSword.prefab using Guid(a4696a02c7fa04918a30ca6051a8901e) Importer(815301076,1909f56bfc062723c751e8b465ee728b) [PhysX] Initialized MultithreadedTaskDispatcher with 12 workers.
[PhysX] Initialized MultithreadedTaskDispatcher with 12 workers.
 -> (artifact id: 'f7962db5156874f6beda0abac5758bcf') in 0.029809 seconds
Number of updated asset objects reloaded before import = 0
Number of asset objects unloaded after import = 261
========================================================================
Received Import Request.
  Time since last request: 2.384584 seconds.
  path: Assets/Resources/Prefabs/Ingame/Character/Enemy/Enemy_Melee_DoubleSword.prefab
  artifactKey: Guid(a4696a02c7fa04918a30ca6051a8901e) Importer(815301076,1909f56bfc062723c751e8b465ee728b)
Start importing Assets/Resources/Prefabs/Ingame/Character/Enemy/Enemy_Melee_DoubleSword.prefab using Guid(a4696a02c7fa04918a30ca6051a8901e) Importer(815301076,1909f56bfc062723c751e8b465ee728b) [PhysX] Initialized MultithreadedTaskDispatcher with 12 workers.
[PhysX] Initialized MultithreadedTaskDispatcher with 12 workers.
 -> (artifact id: '692c50dd2f91d0627211bc28610578f6') in 0.021266 seconds
Number of updated asset objects reloaded before import = 0
Number of asset objects unloaded after import = 261
========================================================================
Received Import Request.
  Time since last request: 4.619503 seconds.
  path: Assets/Resources/Prefabs/Ingame/Character/Enemy/Enemy_Melee_DoubleSword.prefab
  artifactKey: Guid(a4696a02c7fa04918a30ca6051a8901e) Importer(815301076,1909f56bfc062723c751e8b465ee728b)
Start importing Assets/Resources/Prefabs/Ingame/Character/Enemy/Enemy_Melee_DoubleSword.prefab using Guid(a4696a02c7fa04918a30ca6051a8901e) Importer(815301076,1909f56bfc062723c751e8b465ee728b) [PhysX] Initialized MultithreadedTaskDispatcher with 12 workers.
[PhysX] Initialized MultithreadedTaskDispatcher with 12 workers.
 -> (artifact id: '361f10ccad2072fcd231462950fbdaae') in 0.031111 seconds
Number of updated asset objects reloaded before import = 0
Number of asset objects unloaded after import = 261
========================================================================
Received Import Request.
  Time since last request: 3.590046 seconds.
  path: Assets/Resources/Prefabs/Ingame/Character/Enemy/Enemy_Melee_DoubleSword.prefab
  artifactKey: Guid(a4696a02c7fa04918a30ca6051a8901e) Importer(815301076,1909f56bfc062723c751e8b465ee728b)
Start importing Assets/Resources/Prefabs/Ingame/Character/Enemy/Enemy_Melee_DoubleSword.prefab using Guid(a4696a02c7fa04918a30ca6051a8901e) Importer(815301076,1909f56bfc062723c751e8b465ee728b) [PhysX] Initialized MultithreadedTaskDispatcher with 12 workers.
[PhysX] Initialized MultithreadedTaskDispatcher with 12 workers.
 -> (artifact id: '1ff142e1877d888df88ba82234a70e4b') in 0.020354 seconds
Number of updated asset objects reloaded before import = 0
Number of asset objects unloaded after import = 261
========================================================================
Received Import Request.
  Time since last request: 2.603818 seconds.
  path: Assets/Resources/Prefabs/Ingame/Character/Enemy/Enemy_Melee_DoubleSword.prefab
  artifactKey: Guid(a4696a02c7fa04918a30ca6051a8901e) Importer(815301076,1909f56bfc062723c751e8b465ee728b)
Start importing Assets/Resources/Prefabs/Ingame/Character/Enemy/Enemy_Melee_DoubleSword.prefab using Guid(a4696a02c7fa04918a30ca6051a8901e) Importer(815301076,1909f56bfc062723c751e8b465ee728b) [PhysX] Initialized MultithreadedTaskDispatcher with 12 workers.
[PhysX] Initialized MultithreadedTaskDispatcher with 12 workers.
 -> (artifact id: 'c2c25d18ddb207bfdec388e4d98273d4') in 0.021105 seconds
Number of updated asset objects reloaded before import = 0
Number of asset objects unloaded after import = 261
========================================================================
Received Import Request.
  Time since last request: 1.790979 seconds.
  path: Assets/Resources/Prefabs/Ingame/Character/Enemy/Enemy_Melee_DoubleSword.prefab
  artifactKey: Guid(a4696a02c7fa04918a30ca6051a8901e) Importer(815301076,1909f56bfc062723c751e8b465ee728b)
Start importing Assets/Resources/Prefabs/Ingame/Character/Enemy/Enemy_Melee_DoubleSword.prefab using Guid(a4696a02c7fa04918a30ca6051a8901e) Importer(815301076,1909f56bfc062723c751e8b465ee728b) [PhysX] Initialized MultithreadedTaskDispatcher with 12 workers.
[PhysX] Initialized MultithreadedTaskDispatcher with 12 workers.
 -> (artifact id: 'fe8f9538c94f51ad49bd1e5767d25990') in 0.021262 seconds
Number of updated asset objects reloaded before import = 0
Number of asset objects unloaded after import = 261
========================================================================
Received Import Request.
  Time since last request: 7.028799 seconds.
  path: Assets/Resources/Prefabs/Ingame/Character/Enemy/Enemy_Melee_DoubleSword_HighSpeed.prefab
  artifactKey: Guid(cc45723031f2648c0ba48e0e76684633) Importer(815301076,1909f56bfc062723c751e8b465ee728b)
Start importing Assets/Resources/Prefabs/Ingame/Character/Enemy/Enemy_Melee_DoubleSword_HighSpeed.prefab using Guid(cc45723031f2648c0ba48e0e76684633) Importer(815301076,1909f56bfc062723c751e8b465ee728b) [PhysX] Initialized MultithreadedTaskDispatcher with 12 workers.
[PhysX] Initialized MultithreadedTaskDispatcher with 12 workers.
 -> (artifact id: 'abc2656932fa9e959faacb6156413d87') in 0.022111 seconds
Number of updated asset objects reloaded before import = 0
Number of asset objects unloaded after import = 265
========================================================================
Received Import Request.
  Time since last request: 7.834941 seconds.
  path: Assets/Resources/Prefabs/Ingame/Character/Enemy/Enemy_Melee_DoubleSword_HighSpeed.prefab
  artifactKey: Guid(cc45723031f2648c0ba48e0e76684633) Importer(815301076,1909f56bfc062723c751e8b465ee728b)
Start importing Assets/Resources/Prefabs/Ingame/Character/Enemy/Enemy_Melee_DoubleSword_HighSpeed.prefab using Guid(cc45723031f2648c0ba48e0e76684633) Importer(815301076,1909f56bfc062723c751e8b465ee728b) [PhysX] Initialized MultithreadedTaskDispatcher with 12 workers.
[PhysX] Initialized MultithreadedTaskDispatcher with 12 workers.
 -> (artifact id: '12f9602e4542f74f520a3b8a3f6664ac') in 0.021135 seconds
Number of updated asset objects reloaded before import = 0
Number of asset objects unloaded after import = 265
========================================================================
Received Import Request.
  Time since last request: 2.993687 seconds.
  path: Assets/Resources/Prefabs/Ingame/Character/Enemy/Enemy_Melee_DoubleSword_HighSpeed.prefab
  artifactKey: Guid(cc45723031f2648c0ba48e0e76684633) Importer(815301076,1909f56bfc062723c751e8b465ee728b)
Start importing Assets/Resources/Prefabs/Ingame/Character/Enemy/Enemy_Melee_DoubleSword_HighSpeed.prefab using Guid(cc45723031f2648c0ba48e0e76684633) Importer(815301076,1909f56bfc062723c751e8b465ee728b) [PhysX] Initialized MultithreadedTaskDispatcher with 12 workers.
[PhysX] Initialized MultithreadedTaskDispatcher with 12 workers.
 -> (artifact id: 'c369d2a28b760d5b5057c6bbbbcbbf50') in 0.023205 seconds
Number of updated asset objects reloaded before import = 0
Number of asset objects unloaded after import = 265
========================================================================
Received Import Request.
  Time since last request: 5.014949 seconds.
  path: Assets/Resources/Prefabs/Ingame/Character/Enemy/Enemy_Melee_DoubleSword_HighSpeed.prefab
  artifactKey: Guid(cc45723031f2648c0ba48e0e76684633) Importer(815301076,1909f56bfc062723c751e8b465ee728b)
Start importing Assets/Resources/Prefabs/Ingame/Character/Enemy/Enemy_Melee_DoubleSword_HighSpeed.prefab using Guid(cc45723031f2648c0ba48e0e76684633) Importer(815301076,1909f56bfc062723c751e8b465ee728b) [PhysX] Initialized MultithreadedTaskDispatcher with 12 workers.
[PhysX] Initialized MultithreadedTaskDispatcher with 12 workers.
 -> (artifact id: '5489f1835a6979112491741534f3dd90') in 0.028548 seconds
Number of updated asset objects reloaded before import = 0
Number of asset objects unloaded after import = 265
========================================================================
Received Import Request.
  Time since last request: 2.185690 seconds.
  path: Assets/Resources/Prefabs/Ingame/Character/Enemy/Enemy_Melee_DoubleSword_HighSpeed.prefab
  artifactKey: Guid(cc45723031f2648c0ba48e0e76684633) Importer(815301076,1909f56bfc062723c751e8b465ee728b)
Start importing Assets/Resources/Prefabs/Ingame/Character/Enemy/Enemy_Melee_DoubleSword_HighSpeed.prefab using Guid(cc45723031f2648c0ba48e0e76684633) Importer(815301076,1909f56bfc062723c751e8b465ee728b) [PhysX] Initialized MultithreadedTaskDispatcher with 12 workers.
[PhysX] Initialized MultithreadedTaskDispatcher with 12 workers.
 -> (artifact id: '15b581b3fbea91d37f197c5a621b76a4') in 0.021835 seconds
Number of updated asset objects reloaded before import = 0
Number of asset objects unloaded after import = 265
========================================================================
Received Import Request.
  Time since last request: 2.395782 seconds.
  path: Assets/Resources/Prefabs/Ingame/Character/Enemy/Enemy_Melee_DoubleSword_HighSpeed.prefab
  artifactKey: Guid(cc45723031f2648c0ba48e0e76684633) Importer(815301076,1909f56bfc062723c751e8b465ee728b)
Start importing Assets/Resources/Prefabs/Ingame/Character/Enemy/Enemy_Melee_DoubleSword_HighSpeed.prefab using Guid(cc45723031f2648c0ba48e0e76684633) Importer(815301076,1909f56bfc062723c751e8b465ee728b) [PhysX] Initialized MultithreadedTaskDispatcher with 12 workers.
[PhysX] Initialized MultithreadedTaskDispatcher with 12 workers.
 -> (artifact id: '2ec1284b98c4d68fca333d241a58be4d') in 0.025605 seconds
Number of updated asset objects reloaded before import = 0
Number of asset objects unloaded after import = 265
========================================================================
Received Import Request.
  Time since last request: 3.813213 seconds.
  path: Assets/Resources/Prefabs/Ingame/Character/Enemy/Enemy_Melee_DoubleSword_HighSpeed.prefab
  artifactKey: Guid(cc45723031f2648c0ba48e0e76684633) Importer(815301076,1909f56bfc062723c751e8b465ee728b)
Start importing Assets/Resources/Prefabs/Ingame/Character/Enemy/Enemy_Melee_DoubleSword_HighSpeed.prefab using Guid(cc45723031f2648c0ba48e0e76684633) Importer(815301076,1909f56bfc062723c751e8b465ee728b) [PhysX] Initialized MultithreadedTaskDispatcher with 12 workers.
[PhysX] Initialized MultithreadedTaskDispatcher with 12 workers.
 -> (artifact id: 'd7ccfe956f923746ec3a6f9912e3b166') in 0.062859 seconds
Number of updated asset objects reloaded before import = 0
Number of asset objects unloaded after import = 265
========================================================================
Received Import Request.
  Time since last request: 9.346078 seconds.
  path: Assets/Resources/Prefabs/Ingame/Character/Enemy/Enemy_Melee_fighter.prefab
  artifactKey: Guid(ec3e5ddc0eed847b29e7c75698f3bab0) Importer(815301076,1909f56bfc062723c751e8b465ee728b)
Start importing Assets/Resources/Prefabs/Ingame/Character/Enemy/Enemy_Melee_fighter.prefab using Guid(ec3e5ddc0eed847b29e7c75698f3bab0) Importer(815301076,1909f56bfc062723c751e8b465ee728b) [PhysX] Initialized MultithreadedTaskDispatcher with 12 workers.
[PhysX] Initialized MultithreadedTaskDispatcher with 12 workers.
 -> (artifact id: 'f4fa0f008da33b82f07b992fa86c3ab5') in 0.023388 seconds
Number of updated asset objects reloaded before import = 0
Number of asset objects unloaded after import = 257
========================================================================
Received Import Request.
  Time since last request: 5.010889 seconds.
  path: Assets/Resources/Prefabs/Ingame/Character/Enemy/Enemy_Melee_fighter.prefab
  artifactKey: Guid(ec3e5ddc0eed847b29e7c75698f3bab0) Importer(815301076,1909f56bfc062723c751e8b465ee728b)
Start importing Assets/Resources/Prefabs/Ingame/Character/Enemy/Enemy_Melee_fighter.prefab using Guid(ec3e5ddc0eed847b29e7c75698f3bab0) Importer(815301076,1909f56bfc062723c751e8b465ee728b) [PhysX] Initialized MultithreadedTaskDispatcher with 12 workers.
[PhysX] Initialized MultithreadedTaskDispatcher with 12 workers.
 -> (artifact id: 'cd81aea4cc39d01f7d6d6a1d614350a5') in 0.020700 seconds
Number of updated asset objects reloaded before import = 0
Number of asset objects unloaded after import = 257
========================================================================
Received Import Request.
  Time since last request: 1.999474 seconds.
  path: Assets/Resources/Prefabs/Ingame/Character/Enemy/Enemy_Melee_fighter.prefab
  artifactKey: Guid(ec3e5ddc0eed847b29e7c75698f3bab0) Importer(815301076,1909f56bfc062723c751e8b465ee728b)
Start importing Assets/Resources/Prefabs/Ingame/Character/Enemy/Enemy_Melee_fighter.prefab using Guid(ec3e5ddc0eed847b29e7c75698f3bab0) Importer(815301076,1909f56bfc062723c751e8b465ee728b) [PhysX] Initialized MultithreadedTaskDispatcher with 12 workers.
[PhysX] Initialized MultithreadedTaskDispatcher with 12 workers.
 -> (artifact id: '5dd6e30c62ef1df10576ac9bae0bb3ed') in 0.022824 seconds
Number of updated asset objects reloaded before import = 0
Number of asset objects unloaded after import = 257
========================================================================
Received Import Request.
  Time since last request: 3.195355 seconds.
  path: Assets/Resources/Prefabs/Ingame/Character/Enemy/Enemy_Melee_fighter.prefab
  artifactKey: Guid(ec3e5ddc0eed847b29e7c75698f3bab0) Importer(815301076,1909f56bfc062723c751e8b465ee728b)
Start importing Assets/Resources/Prefabs/Ingame/Character/Enemy/Enemy_Melee_fighter.prefab using Guid(ec3e5ddc0eed847b29e7c75698f3bab0) Importer(815301076,1909f56bfc062723c751e8b465ee728b) [PhysX] Initialized MultithreadedTaskDispatcher with 12 workers.
[PhysX] Initialized MultithreadedTaskDispatcher with 12 workers.
 -> (artifact id: 'dc729dec046d01ce7d361126fb571c86') in 0.025741 seconds
Number of updated asset objects reloaded before import = 0
Number of asset objects unloaded after import = 257
========================================================================
Received Import Request.
  Time since last request: 2.196138 seconds.
  path: Assets/Resources/Prefabs/Ingame/Character/Enemy/Enemy_Melee_fighter.prefab
  artifactKey: Guid(ec3e5ddc0eed847b29e7c75698f3bab0) Importer(815301076,1909f56bfc062723c751e8b465ee728b)
Start importing Assets/Resources/Prefabs/Ingame/Character/Enemy/Enemy_Melee_fighter.prefab using Guid(ec3e5ddc0eed847b29e7c75698f3bab0) Importer(815301076,1909f56bfc062723c751e8b465ee728b) [PhysX] Initialized MultithreadedTaskDispatcher with 12 workers.
[PhysX] Initialized MultithreadedTaskDispatcher with 12 workers.
 -> (artifact id: '19d3b909658fc24c5285f034396547bd') in 0.048489 seconds
Number of updated asset objects reloaded before import = 0
Number of asset objects unloaded after import = 257
========================================================================
Received Import Request.
  Time since last request: 6.884226 seconds.
  path: Assets/Resources/Prefabs/Ingame/Character/Enemy/Enemy_Melee_Shield_HighDamage.prefab
  artifactKey: Guid(014fe8d68eb894953acd12f99324c58a) Importer(815301076,1909f56bfc062723c751e8b465ee728b)
Start importing Assets/Resources/Prefabs/Ingame/Character/Enemy/Enemy_Melee_Shield_HighDamage.prefab using Guid(014fe8d68eb894953acd12f99324c58a) Importer(815301076,1909f56bfc062723c751e8b465ee728b) [PhysX] Initialized MultithreadedTaskDispatcher with 12 workers.
[PhysX] Initialized MultithreadedTaskDispatcher with 12 workers.
 -> (artifact id: '57dc58da921b8d946e9ee9bc2dc91e63') in 0.064312 seconds
Number of updated asset objects reloaded before import = 0
Number of asset objects unloaded after import = 260
========================================================================
Received Import Request.
  Time since last request: 7.594719 seconds.
  path: Assets/Resources/Prefabs/Ingame/Character/Enemy/Enemy_Melee_Shield_HighDamage.prefab
  artifactKey: Guid(014fe8d68eb894953acd12f99324c58a) Importer(815301076,1909f56bfc062723c751e8b465ee728b)
Start importing Assets/Resources/Prefabs/Ingame/Character/Enemy/Enemy_Melee_Shield_HighDamage.prefab using Guid(014fe8d68eb894953acd12f99324c58a) Importer(815301076,1909f56bfc062723c751e8b465ee728b) [PhysX] Initialized MultithreadedTaskDispatcher with 12 workers.
[PhysX] Initialized MultithreadedTaskDispatcher with 12 workers.
 -> (artifact id: 'f81095c5af62fd97211a89e1c5292493') in 0.023714 seconds
Number of updated asset objects reloaded before import = 0
Number of asset objects unloaded after import = 260
========================================================================
Received Import Request.
  Time since last request: 2.594164 seconds.
  path: Assets/Resources/Prefabs/Ingame/Character/Enemy/Enemy_Melee_Shield_HighDamage.prefab
  artifactKey: Guid(014fe8d68eb894953acd12f99324c58a) Importer(815301076,1909f56bfc062723c751e8b465ee728b)
Start importing Assets/Resources/Prefabs/Ingame/Character/Enemy/Enemy_Melee_Shield_HighDamage.prefab using Guid(014fe8d68eb894953acd12f99324c58a) Importer(815301076,1909f56bfc062723c751e8b465ee728b) [PhysX] Initialized MultithreadedTaskDispatcher with 12 workers.
[PhysX] Initialized MultithreadedTaskDispatcher with 12 workers.
 -> (artifact id: '1c8f6e6de03b6404a1a663581a518de8') in 0.025730 seconds
Number of updated asset objects reloaded before import = 0
Number of asset objects unloaded after import = 260
========================================================================
Received Import Request.
  Time since last request: 10.159893 seconds.
  path: Assets/Resources/Prefabs/Ingame/Character/Enemy/Enemy_Melee_Shield_HighDefense.prefab
  artifactKey: Guid(17b2559b65857488796ce0bf29f56a02) Importer(815301076,1909f56bfc062723c751e8b465ee728b)
Start importing Assets/Resources/Prefabs/Ingame/Character/Enemy/Enemy_Melee_Shield_HighDefense.prefab using Guid(17b2559b65857488796ce0bf29f56a02) Importer(815301076,1909f56bfc062723c751e8b465ee728b) [PhysX] Initialized MultithreadedTaskDispatcher with 12 workers.
[PhysX] Initialized MultithreadedTaskDispatcher with 12 workers.
 -> (artifact id: '334ea2c5e9330b1b60d41d6fe7032710') in 0.043681 seconds
Number of updated asset objects reloaded before import = 0
Number of asset objects unloaded after import = 265
========================================================================
Received Import Request.
  Time since last request: 3.783049 seconds.
  path: Assets/Resources/Prefabs/Ingame/Character/Enemy/Enemy_Melee_Shield_HighDefense.prefab
  artifactKey: Guid(17b2559b65857488796ce0bf29f56a02) Importer(815301076,1909f56bfc062723c751e8b465ee728b)
Start importing Assets/Resources/Prefabs/Ingame/Character/Enemy/Enemy_Melee_Shield_HighDefense.prefab using Guid(17b2559b65857488796ce0bf29f56a02) Importer(815301076,1909f56bfc062723c751e8b465ee728b) [PhysX] Initialized MultithreadedTaskDispatcher with 12 workers.
[PhysX] Initialized MultithreadedTaskDispatcher with 12 workers.
 -> (artifact id: '4bbfd1f9c6de2378c7753e04f06180d3') in 0.024264 seconds
Number of updated asset objects reloaded before import = 0
Number of asset objects unloaded after import = 265
========================================================================
Received Import Request.
  Time since last request: 2.387041 seconds.
  path: Assets/Resources/Prefabs/Ingame/Character/Enemy/Enemy_Melee_Shield_HighDefense.prefab
  artifactKey: Guid(17b2559b65857488796ce0bf29f56a02) Importer(815301076,1909f56bfc062723c751e8b465ee728b)
Start importing Assets/Resources/Prefabs/Ingame/Character/Enemy/Enemy_Melee_Shield_HighDefense.prefab using Guid(17b2559b65857488796ce0bf29f56a02) Importer(815301076,1909f56bfc062723c751e8b465ee728b) [PhysX] Initialized MultithreadedTaskDispatcher with 12 workers.
[PhysX] Initialized MultithreadedTaskDispatcher with 12 workers.
 -> (artifact id: 'e92c0cf061126c65064abdbcb50e0d0d') in 0.021584 seconds
Number of updated asset objects reloaded before import = 0
Number of asset objects unloaded after import = 265
========================================================================
Received Import Request.
  Time since last request: 5.833225 seconds.
  path: Assets/Resources/Prefabs/Ingame/Character/Enemy/Enemy_Melee_Shield_HighDefense.prefab
  artifactKey: Guid(17b2559b65857488796ce0bf29f56a02) Importer(815301076,1909f56bfc062723c751e8b465ee728b)
Start importing Assets/Resources/Prefabs/Ingame/Character/Enemy/Enemy_Melee_Shield_HighDefense.prefab using Guid(17b2559b65857488796ce0bf29f56a02) Importer(815301076,1909f56bfc062723c751e8b465ee728b) [PhysX] Initialized MultithreadedTaskDispatcher with 12 workers.
[PhysX] Initialized MultithreadedTaskDispatcher with 12 workers.
 -> (artifact id: 'cf3a060b97633e1de2ffb2cb2b8a6096') in 0.025596 seconds
Number of updated asset objects reloaded before import = 0
Number of asset objects unloaded after import = 265
========================================================================
Received Import Request.
  Time since last request: 4.401845 seconds.
  path: Assets/Resources/Prefabs/Ingame/Character/Enemy/Enemy_Melee_Shield_HighDefense.prefab
  artifactKey: Guid(17b2559b65857488796ce0bf29f56a02) Importer(815301076,1909f56bfc062723c751e8b465ee728b)
Start importing Assets/Resources/Prefabs/Ingame/Character/Enemy/Enemy_Melee_Shield_HighDefense.prefab using Guid(17b2559b65857488796ce0bf29f56a02) Importer(815301076,1909f56bfc062723c751e8b465ee728b) [PhysX] Initialized MultithreadedTaskDispatcher with 12 workers.
[PhysX] Initialized MultithreadedTaskDispatcher with 12 workers.
 -> (artifact id: '92657a12e1ecd389b135dcf97e35d6c5') in 0.022006 seconds
Number of updated asset objects reloaded before import = 0
Number of asset objects unloaded after import = 265
========================================================================
Received Import Request.
  Time since last request: 10.787816 seconds.
  path: Assets/Resources/Prefabs/Ingame/Character/Player/Player_Melee_Spear.prefab
  artifactKey: Guid(dc4d03e9834464d82a1dec0da2b8162f) Importer(815301076,1909f56bfc062723c751e8b465ee728b)
Start importing Assets/Resources/Prefabs/Ingame/Character/Player/Player_Melee_Spear.prefab using Guid(dc4d03e9834464d82a1dec0da2b8162f) Importer(815301076,1909f56bfc062723c751e8b465ee728b) [PhysX] Initialized MultithreadedTaskDispatcher with 12 workers.
[PhysX] Initialized MultithreadedTaskDispatcher with 12 workers.
 -> (artifact id: '891c070ed7497c25b06548e23502baa9') in 0.023031 seconds
Number of updated asset objects reloaded before import = 0
Number of asset objects unloaded after import = 256
========================================================================
Received Import Request.
  Time since last request: 2.214686 seconds.
  path: Assets/Resources/Prefabs/Ingame/Character/Player/Player_Melee_Spear.prefab
  artifactKey: Guid(dc4d03e9834464d82a1dec0da2b8162f) Importer(815301076,1909f56bfc062723c751e8b465ee728b)
Start importing Assets/Resources/Prefabs/Ingame/Character/Player/Player_Melee_Spear.prefab using Guid(dc4d03e9834464d82a1dec0da2b8162f) Importer(815301076,1909f56bfc062723c751e8b465ee728b) [PhysX] Initialized MultithreadedTaskDispatcher with 12 workers.
[PhysX] Initialized MultithreadedTaskDispatcher with 12 workers.
 -> (artifact id: 'ce00f7cfd7f04ee21c3cb772ca1ec69d') in 0.023229 seconds
Number of updated asset objects reloaded before import = 0
Number of asset objects unloaded after import = 256
========================================================================
Received Import Request.
  Time since last request: 1.190307 seconds.
  path: Assets/Resources/Prefabs/Ingame/Character/Player/Player_Melee_Spear.prefab
  artifactKey: Guid(dc4d03e9834464d82a1dec0da2b8162f) Importer(815301076,1909f56bfc062723c751e8b465ee728b)
Start importing Assets/Resources/Prefabs/Ingame/Character/Player/Player_Melee_Spear.prefab using Guid(dc4d03e9834464d82a1dec0da2b8162f) Importer(815301076,1909f56bfc062723c751e8b465ee728b) [PhysX] Initialized MultithreadedTaskDispatcher with 12 workers.
[PhysX] Initialized MultithreadedTaskDispatcher with 12 workers.
 -> (artifact id: '38a2a08d3ab3e5e34302f0276a20df1b') in 0.026186 seconds
Number of updated asset objects reloaded before import = 0
Number of asset objects unloaded after import = 257
========================================================================
Received Import Request.
  Time since last request: 11.454441 seconds.
  path: Assets/Resources/Prefabs/Ingame/Character/Player/Player_Melee_Spear.prefab
  artifactKey: Guid(dc4d03e9834464d82a1dec0da2b8162f) Importer(815301076,1909f56bfc062723c751e8b465ee728b)
Start importing Assets/Resources/Prefabs/Ingame/Character/Player/Player_Melee_Spear.prefab using Guid(dc4d03e9834464d82a1dec0da2b8162f) Importer(815301076,1909f56bfc062723c751e8b465ee728b) [PhysX] Initialized MultithreadedTaskDispatcher with 12 workers.
[PhysX] Initialized MultithreadedTaskDispatcher with 12 workers.
 -> (artifact id: '14524e7de8242755b2f4cbecf9cd6451') in 0.020590 seconds
Number of updated asset objects reloaded before import = 0
Number of asset objects unloaded after import = 257
========================================================================
Received Import Request.
  Time since last request: 3.603068 seconds.
  path: Assets/Resources/Prefabs/Ingame/Character/Player/Player_Melee_Spear.prefab
  artifactKey: Guid(dc4d03e9834464d82a1dec0da2b8162f) Importer(815301076,1909f56bfc062723c751e8b465ee728b)
Start importing Assets/Resources/Prefabs/Ingame/Character/Player/Player_Melee_Spear.prefab using Guid(dc4d03e9834464d82a1dec0da2b8162f) Importer(815301076,1909f56bfc062723c751e8b465ee728b) [PhysX] Initialized MultithreadedTaskDispatcher with 12 workers.
[PhysX] Initialized MultithreadedTaskDispatcher with 12 workers.
 -> (artifact id: '343691b079c0684292b55d30ec6225fa') in 0.020838 seconds
Number of updated asset objects reloaded before import = 0
Number of asset objects unloaded after import = 257
========================================================================
Received Import Request.
  Time since last request: 6.025279 seconds.
  path: Assets/Resources/Prefabs/Ingame/Character/Player/Player_Melee_Spear.prefab
  artifactKey: Guid(dc4d03e9834464d82a1dec0da2b8162f) Importer(815301076,1909f56bfc062723c751e8b465ee728b)
Start importing Assets/Resources/Prefabs/Ingame/Character/Player/Player_Melee_Spear.prefab using Guid(dc4d03e9834464d82a1dec0da2b8162f) Importer(815301076,1909f56bfc062723c751e8b465ee728b) [PhysX] Initialized MultithreadedTaskDispatcher with 12 workers.
[PhysX] Initialized MultithreadedTaskDispatcher with 12 workers.
 -> (artifact id: 'e198d069c1ed04470fc536b98e80ed84') in 0.028191 seconds
Number of updated asset objects reloaded before import = 0
Number of asset objects unloaded after import = 257
========================================================================
Received Import Request.
  Time since last request: 3.394254 seconds.
  path: Assets/Resources/Prefabs/Ingame/Character/Player/Player_Melee_Spear.prefab
  artifactKey: Guid(dc4d03e9834464d82a1dec0da2b8162f) Importer(815301076,1909f56bfc062723c751e8b465ee728b)
Start importing Assets/Resources/Prefabs/Ingame/Character/Player/Player_Melee_Spear.prefab using Guid(dc4d03e9834464d82a1dec0da2b8162f) Importer(815301076,1909f56bfc062723c751e8b465ee728b) [PhysX] Initialized MultithreadedTaskDispatcher with 12 workers.
[PhysX] Initialized MultithreadedTaskDispatcher with 12 workers.
 -> (artifact id: 'f6efe7b1c85970bac4449efde350c0d2') in 0.020966 seconds
Number of updated asset objects reloaded before import = 0
Number of asset objects unloaded after import = 257
========================================================================
Received Import Request.
  Time since last request: 14.918093 seconds.
  path: Assets/Resources/Prefabs/Ingame/Character/Player/Player_Melee_Sword.prefab
  artifactKey: Guid(c54b36ee7861c4b41bd1dabf2455160f) Importer(815301076,1909f56bfc062723c751e8b465ee728b)
Start importing Assets/Resources/Prefabs/Ingame/Character/Player/Player_Melee_Sword.prefab using Guid(c54b36ee7861c4b41bd1dabf2455160f) Importer(815301076,1909f56bfc062723c751e8b465ee728b) [PhysX] Initialized MultithreadedTaskDispatcher with 12 workers.
[PhysX] Initialized MultithreadedTaskDispatcher with 12 workers.
 -> (artifact id: '37769daf1a2fe6c3e6c4a37742c8e47d') in 0.024845 seconds
Number of updated asset objects reloaded before import = 0
Number of asset objects unloaded after import = 265
========================================================================
Received Import Request.
  Time since last request: 2.588840 seconds.
  path: Assets/Resources/Prefabs/Ingame/Character/Player/Player_Melee_Sword.prefab
  artifactKey: Guid(c54b36ee7861c4b41bd1dabf2455160f) Importer(815301076,1909f56bfc062723c751e8b465ee728b)
Start importing Assets/Resources/Prefabs/Ingame/Character/Player/Player_Melee_Sword.prefab using Guid(c54b36ee7861c4b41bd1dabf2455160f) Importer(815301076,1909f56bfc062723c751e8b465ee728b) [PhysX] Initialized MultithreadedTaskDispatcher with 12 workers.
[PhysX] Initialized MultithreadedTaskDispatcher with 12 workers.
 -> (artifact id: 'f3d0f17b18bf85202ade82710c7d1202') in 0.028393 seconds
Number of updated asset objects reloaded before import = 0
Number of asset objects unloaded after import = 265
========================================================================
Received Import Request.
  Time since last request: 7.825253 seconds.
  path: Assets/Resources/Prefabs/Ingame/Character/Player/Player_Melee_Sword.prefab
  artifactKey: Guid(c54b36ee7861c4b41bd1dabf2455160f) Importer(815301076,1909f56bfc062723c751e8b465ee728b)
Start importing Assets/Resources/Prefabs/Ingame/Character/Player/Player_Melee_Sword.prefab using Guid(c54b36ee7861c4b41bd1dabf2455160f) Importer(815301076,1909f56bfc062723c751e8b465ee728b) [PhysX] Initialized MultithreadedTaskDispatcher with 12 workers.
[PhysX] Initialized MultithreadedTaskDispatcher with 12 workers.
 -> (artifact id: 'ba4b02a752a6610abd9431a3132718d9') in 0.021857 seconds
Number of updated asset objects reloaded before import = 0
Number of asset objects unloaded after import = 265
========================================================================
Received Import Request.
  Time since last request: 10.662672 seconds.
  path: Assets/Resources/Prefabs/Ingame/Character/Player/Player_Melee_Sword.prefab
  artifactKey: Guid(c54b36ee7861c4b41bd1dabf2455160f) Importer(815301076,1909f56bfc062723c751e8b465ee728b)
Start importing Assets/Resources/Prefabs/Ingame/Character/Player/Player_Melee_Sword.prefab using Guid(c54b36ee7861c4b41bd1dabf2455160f) Importer(815301076,1909f56bfc062723c751e8b465ee728b) [PhysX] Initialized MultithreadedTaskDispatcher with 12 workers.
[PhysX] Initialized MultithreadedTaskDispatcher with 12 workers.
 -> (artifact id: '93d8985b75989043586999c6bfe115b0') in 0.021405 seconds
Number of updated asset objects reloaded before import = 0
Number of asset objects unloaded after import = 265
========================================================================
Received Import Request.
  Time since last request: 3.794516 seconds.
  path: Assets/Resources/Prefabs/Ingame/Character/Player/Player_Melee_Sword.prefab
  artifactKey: Guid(c54b36ee7861c4b41bd1dabf2455160f) Importer(815301076,1909f56bfc062723c751e8b465ee728b)
Start importing Assets/Resources/Prefabs/Ingame/Character/Player/Player_Melee_Sword.prefab using Guid(c54b36ee7861c4b41bd1dabf2455160f) Importer(815301076,1909f56bfc062723c751e8b465ee728b) [PhysX] Initialized MultithreadedTaskDispatcher with 12 workers.
[PhysX] Initialized MultithreadedTaskDispatcher with 12 workers.
 -> (artifact id: '65c908c6562ce9f5aac06fb76b7213ba') in 0.025590 seconds
Number of updated asset objects reloaded before import = 0
Number of asset objects unloaded after import = 265
========================================================================
Received Import Request.
  Time since last request: 7.079267 seconds.
  path: Assets/Resources/Prefabs/Ingame/Character/Player/Player_Melee_Lancer.prefab
  artifactKey: Guid(672092d6fae854c9da73ae8124fb85bc) Importer(815301076,1909f56bfc062723c751e8b465ee728b)
Start importing Assets/Resources/Prefabs/Ingame/Character/Player/Player_Melee_Lancer.prefab using Guid(672092d6fae854c9da73ae8124fb85bc) Importer(815301076,1909f56bfc062723c751e8b465ee728b) [PhysX] Initialized MultithreadedTaskDispatcher with 12 workers.
[PhysX] Initialized MultithreadedTaskDispatcher with 12 workers.
 -> (artifact id: '4ab2d2a028964afa2d984e4a3884f563') in 0.021638 seconds
Number of updated asset objects reloaded before import = 0
Number of asset objects unloaded after import = 264
========================================================================
Received Import Request.
  Time since last request: 1.898219 seconds.
  path: Assets/Resources/Prefabs/Ingame/Character/Player/Player_Melee_Lancer.prefab
  artifactKey: Guid(672092d6fae854c9da73ae8124fb85bc) Importer(815301076,1909f56bfc062723c751e8b465ee728b)
Start importing Assets/Resources/Prefabs/Ingame/Character/Player/Player_Melee_Lancer.prefab using Guid(672092d6fae854c9da73ae8124fb85bc) Importer(815301076,1909f56bfc062723c751e8b465ee728b) [PhysX] Initialized MultithreadedTaskDispatcher with 12 workers.
[PhysX] Initialized MultithreadedTaskDispatcher with 12 workers.
 -> (artifact id: '3a64e2c40e969c0d6a38271e4f4f62b0') in 0.024972 seconds
Number of updated asset objects reloaded before import = 0
Number of asset objects unloaded after import = 264
========================================================================
Received Import Request.
  Time since last request: 0.983792 seconds.
  path: Assets/Resources/Prefabs/Ingame/Character/Player/Player_Melee_Lancer.prefab
  artifactKey: Guid(672092d6fae854c9da73ae8124fb85bc) Importer(815301076,1909f56bfc062723c751e8b465ee728b)
Start importing Assets/Resources/Prefabs/Ingame/Character/Player/Player_Melee_Lancer.prefab using Guid(672092d6fae854c9da73ae8124fb85bc) Importer(815301076,1909f56bfc062723c751e8b465ee728b) [PhysX] Initialized MultithreadedTaskDispatcher with 12 workers.
[PhysX] Initialized MultithreadedTaskDispatcher with 12 workers.
 -> (artifact id: 'da7425939329e0219f29643063641b72') in 0.021427 seconds
Number of updated asset objects reloaded before import = 0
Number of asset objects unloaded after import = 265
========================================================================
Received Import Request.
  Time since last request: 5.206488 seconds.
  path: Assets/Resources/Prefabs/Ingame/Character/Player/Player_Melee_Lancer.prefab
  artifactKey: Guid(672092d6fae854c9da73ae8124fb85bc) Importer(815301076,1909f56bfc062723c751e8b465ee728b)
Start importing Assets/Resources/Prefabs/Ingame/Character/Player/Player_Melee_Lancer.prefab using Guid(672092d6fae854c9da73ae8124fb85bc) Importer(815301076,1909f56bfc062723c751e8b465ee728b) [PhysX] Initialized MultithreadedTaskDispatcher with 12 workers.
[PhysX] Initialized MultithreadedTaskDispatcher with 12 workers.
 -> (artifact id: '53e87aed0adda1f77da3e3f862c19c63') in 0.026481 seconds
Number of updated asset objects reloaded before import = 0
Number of asset objects unloaded after import = 265
========================================================================
Received Import Request.
  Time since last request: 6.620532 seconds.
  path: Assets/Resources/Prefabs/Ingame/Character/Player/Player_Melee_Lancer.prefab
  artifactKey: Guid(672092d6fae854c9da73ae8124fb85bc) Importer(815301076,1909f56bfc062723c751e8b465ee728b)
Start importing Assets/Resources/Prefabs/Ingame/Character/Player/Player_Melee_Lancer.prefab using Guid(672092d6fae854c9da73ae8124fb85bc) Importer(815301076,1909f56bfc062723c751e8b465ee728b) [PhysX] Initialized MultithreadedTaskDispatcher with 12 workers.
[PhysX] Initialized MultithreadedTaskDispatcher with 12 workers.
 -> (artifact id: '0595a9dcaf294f449edacd1f3d7d9f47') in 0.021169 seconds
Number of updated asset objects reloaded before import = 0
Number of asset objects unloaded after import = 265
========================================================================
Received Import Request.
  Time since last request: 2.799598 seconds.
  path: Assets/Resources/Prefabs/Ingame/Character/Player/Player_Melee_Lancer.prefab
  artifactKey: Guid(672092d6fae854c9da73ae8124fb85bc) Importer(815301076,1909f56bfc062723c751e8b465ee728b)
Start importing Assets/Resources/Prefabs/Ingame/Character/Player/Player_Melee_Lancer.prefab using Guid(672092d6fae854c9da73ae8124fb85bc) Importer(815301076,1909f56bfc062723c751e8b465ee728b) [PhysX] Initialized MultithreadedTaskDispatcher with 12 workers.
[PhysX] Initialized MultithreadedTaskDispatcher with 12 workers.
 -> (artifact id: 'f1c16ad20ebcdf99de3323feab75554d') in 0.023760 seconds
Number of updated asset objects reloaded before import = 0
Number of asset objects unloaded after import = 265
========================================================================
Received Import Request.
  Time since last request: 2.801281 seconds.
  path: Assets/Resources/Prefabs/Ingame/Character/Player/Player_Melee_Lancer.prefab
  artifactKey: Guid(672092d6fae854c9da73ae8124fb85bc) Importer(815301076,1909f56bfc062723c751e8b465ee728b)
Start importing Assets/Resources/Prefabs/Ingame/Character/Player/Player_Melee_Lancer.prefab using Guid(672092d6fae854c9da73ae8124fb85bc) Importer(815301076,1909f56bfc062723c751e8b465ee728b) [PhysX] Initialized MultithreadedTaskDispatcher with 12 workers.
[PhysX] Initialized MultithreadedTaskDispatcher with 12 workers.
 -> (artifact id: '1f453fe81eef9a17a59c5175f4081f81') in 0.024526 seconds
Number of updated asset objects reloaded before import = 0
Number of asset objects unloaded after import = 265
========================================================================
Received Import Request.
  Time since last request: 4.823007 seconds.
  path: Assets/Resources/Prefabs/Ingame/Character/Player/Player_Melee_Lancer.prefab
  artifactKey: Guid(672092d6fae854c9da73ae8124fb85bc) Importer(815301076,1909f56bfc062723c751e8b465ee728b)
Start importing Assets/Resources/Prefabs/Ingame/Character/Player/Player_Melee_Lancer.prefab using Guid(672092d6fae854c9da73ae8124fb85bc) Importer(815301076,1909f56bfc062723c751e8b465ee728b) [PhysX] Initialized MultithreadedTaskDispatcher with 12 workers.
[PhysX] Initialized MultithreadedTaskDispatcher with 12 workers.
 -> (artifact id: '3e41a74ab63b59694abecee9218d3e71') in 0.023732 seconds
Number of updated asset objects reloaded before import = 0
Number of asset objects unloaded after import = 265
========================================================================
Received Import Request.
  Time since last request: 10.659429 seconds.
  path: Assets/Resources/Prefabs/Ingame/Character/Player/Player_Melee_Spear.prefab
  artifactKey: Guid(dc4d03e9834464d82a1dec0da2b8162f) Importer(815301076,1909f56bfc062723c751e8b465ee728b)
Start importing Assets/Resources/Prefabs/Ingame/Character/Player/Player_Melee_Spear.prefab using Guid(dc4d03e9834464d82a1dec0da2b8162f) Importer(815301076,1909f56bfc062723c751e8b465ee728b) [PhysX] Initialized MultithreadedTaskDispatcher with 12 workers.
[PhysX] Initialized MultithreadedTaskDispatcher with 12 workers.
 -> (artifact id: '17c061a02924effd57c1b35a57469817') in 0.023654 seconds
Number of updated asset objects reloaded before import = 0
Number of asset objects unloaded after import = 257
========================================================================
Received Prepare
Caller must complete domain reload
Begin MonoManager ReloadAssembly
- Loaded All Assemblies, in  0.446 seconds
Native extension for WindowsStandalone target not found
Native extension for Android target not found
Mono: successfully reloaded assembly
- Finished resetting the current domain, in  0.310 seconds
Domain Reload Profiling: 754ms
	BeginReloadAssembly (276ms)
		ExecutionOrderSort (0ms)
		DisableScriptedObjects (166ms)
		BackupInstance (0ms)
		ReleaseScriptingObjects (0ms)
		CreateAndSetChildDomain (22ms)
	RebuildCommonClasses (20ms)
	RebuildNativeTypeToScriptingClass (7ms)
	initialDomainReloadingComplete (24ms)
	LoadAllAssembliesAndSetupDomain (118ms)
		LoadAssemblies (175ms)
		RebuildTransferFunctionScriptingTraits (0ms)
		AnalyzeDomain (5ms)
			TypeCache.Refresh (2ms)
				TypeCache.ScanAssembly (0ms)
			ScanForSourceGeneratedMonoScriptInfo (0ms)
			ResolveRequiredComponents (2ms)
	FinalizeReload (310ms)
		ReleaseScriptCaches (0ms)
		RebuildScriptCaches (0ms)
		SetupLoadedEditorAssemblies (208ms)
			LogAssemblyErrors (0ms)
			InitializePlatformSupportModulesInManaged (12ms)
			SetLoadedEditorAssemblies (2ms)
			RefreshPlugins (0ms)
			BeforeProcessingInitializeOnLoad (36ms)
			ProcessInitializeOnLoadAttributes (124ms)
			ProcessInitializeOnLoadMethodAttributes (26ms)
			AfterProcessingInitializeOnLoad (8ms)
			EditorAssembliesLoaded (0ms)
		ExecutionOrderSort2 (0ms)
		AwakeInstancesAfterBackupRestoration (15ms)
Refreshing native plugins compatible for Editor in 2.99 ms, found 1 plugins.
Preloading 0 native plugins for Editor in 0.00 ms.
Unloading 1577 Unused Serialized files (Serialized files now loaded: 0)
Unloading 12 unused Assets / (54.8 KB). Loaded Objects now: 2083.
Memory consumption went from 89.7 MB to 89.7 MB.
Total: 2.920600 ms (FindLiveObjects: 0.116700 ms CreateObjectMapping: 0.038600 ms MarkObjects: 2.697100 ms  DeleteObjects: 0.067400 ms)

Prepare: number of updated asset objects reloaded= 0
AssetImportParameters requested are different than current active one (requested -> active):
  custom:video-encoder-webm-vp8: eb34c28f22e8b96e1ab97ce403110664 -> 
  custom:video-decoder-webm-vp8: 9c59270c3fd7afecdb556c50c9e8de78 -> 
  custom:audio-decoder-ogg-vorbis: bf7c407c2cedff20999df2af8eb42d56 -> 
  custom:SearchIndexIgnoredProperties: e643bd26f0fe6173181afceb89e7c659 -> 
  custom:container-demuxer-ogg: 62fdf1f143b41e24485cea50d1cbac27 -> 
  custom:AudioImporter_EditorPlatform: d09bf68614088b80899f8185d706f6e7 -> 
  custom:CustomObjectIndexerAttribute: 9a22284fe3817be447336de3de66b15e -> 
  custom:container-demuxer-webm: 4f35f7cbe854078d1ac9338744f61a02 -> 
  custom:video-codec-MediaFoundation-h265: 746d11721c4dcdbdad8f713fa42b33f4 -> 
  custom:video-decoder-ogg-theora: a1e56fd34408186e4bbccfd4996cb3dc -> 
  custom:audio-encoder-webm-vorbis: bf7c407c2cedff20999df2af8eb42d56 -> 
  custom:framework-win-MediaFoundation: 216162199b28c13a410421893ffa2e32 -> 
  custom:scripting/monoscript/fileName/Copy.cs: 8a234045c367ec555ba1861199beabfa -> 2fdeb61c78c968c0aebacc4afd2478f5
  custom:container-muxer-webm: aa71ff27fc2769a1b78a27578f13a17b -> 
========================================================================
Received Import Request.
  Time since last request: 279.316708 seconds.
  path: Assets/Resources/Prefabs/Ingame/Character/Player/Enemy_Melee_Shield.prefab
  artifactKey: Guid(74081d2c7552d4c17953e46326368c4b) Importer(815301076,1909f56bfc062723c751e8b465ee728b)
Start importing Assets/Resources/Prefabs/Ingame/Character/Player/Enemy_Melee_Shield.prefab using Guid(74081d2c7552d4c17953e46326368c4b) Importer(815301076,1909f56bfc062723c751e8b465ee728b) [PhysX] Initialized MultithreadedTaskDispatcher with 12 workers.
[PhysX] Initialized MultithreadedTaskDispatcher with 12 workers.
 -> (artifact id: '2fd959ce495df227a4c2fb5671d61941') in 0.078839 seconds
Number of updated asset objects reloaded before import = 0
Number of asset objects unloaded after import = 260
========================================================================
Received Import Request.
  Time since last request: 0.000017 seconds.
  path: Assets/Resources/Prefabs/Ingame/Character/Player/Player_Melee_Spear.prefab
  artifactKey: Guid(dc4d03e9834464d82a1dec0da2b8162f) Importer(815301076,1909f56bfc062723c751e8b465ee728b)
Start importing Assets/Resources/Prefabs/Ingame/Character/Player/Player_Melee_Spear.prefab using Guid(dc4d03e9834464d82a1dec0da2b8162f) Importer(815301076,1909f56bfc062723c751e8b465ee728b) [PhysX] Initialized MultithreadedTaskDispatcher with 12 workers.
[PhysX] Initialized MultithreadedTaskDispatcher with 12 workers.
 -> (artifact id: '4a7d70461ff60e2d8f92cee563b473ff') in 0.029780 seconds
Number of updated asset objects reloaded before import = 0
Number of asset objects unloaded after import = 257
========================================================================
Received Import Request.
  Time since last request: 0.000025 seconds.
  path: Assets/Resources/Prefabs/Ingame/Character/Player/Player_Melee_Shield_Normal.prefab
  artifactKey: Guid(79d6e86fda7674749baa509978485b91) Importer(815301076,1909f56bfc062723c751e8b465ee728b)
Start importing Assets/Resources/Prefabs/Ingame/Character/Player/Player_Melee_Shield_Normal.prefab using Guid(79d6e86fda7674749baa509978485b91) Importer(815301076,1909f56bfc062723c751e8b465ee728b) [PhysX] Initialized MultithreadedTaskDispatcher with 12 workers.
[PhysX] Initialized MultithreadedTaskDispatcher with 12 workers.
 -> (artifact id: '42000e04239d18b8b3acee67156a92a4') in 0.027931 seconds
Number of updated asset objects reloaded before import = 0
Number of asset objects unloaded after import = 260
========================================================================
Received Import Request.
  Time since last request: 0.000013 seconds.
  path: Assets/Resources/Prefabs/Ingame/Character/Player/Player_Melee_Lancer.prefab
  artifactKey: Guid(672092d6fae854c9da73ae8124fb85bc) Importer(815301076,1909f56bfc062723c751e8b465ee728b)
Start importing Assets/Resources/Prefabs/Ingame/Character/Player/Player_Melee_Lancer.prefab using Guid(672092d6fae854c9da73ae8124fb85bc) Importer(815301076,1909f56bfc062723c751e8b465ee728b) [PhysX] Initialized MultithreadedTaskDispatcher with 12 workers.
[PhysX] Initialized MultithreadedTaskDispatcher with 12 workers.
 -> (artifact id: '485bed76a403b06884a7febd5accc134') in 0.024016 seconds
Number of updated asset objects reloaded before import = 0
Number of asset objects unloaded after import = 265
========================================================================
Received Import Request.
  Time since last request: 8.615194 seconds.
  path: Assets/Resources/Prefabs/Ingame/Character/Player/Enemy_Melee_Shield.prefab
  artifactKey: Guid(74081d2c7552d4c17953e46326368c4b) Importer(815301076,1909f56bfc062723c751e8b465ee728b)
Start importing Assets/Resources/Prefabs/Ingame/Character/Player/Enemy_Melee_Shield.prefab using Guid(74081d2c7552d4c17953e46326368c4b) Importer(815301076,1909f56bfc062723c751e8b465ee728b) [PhysX] Initialized MultithreadedTaskDispatcher with 12 workers.
[PhysX] Initialized MultithreadedTaskDispatcher with 12 workers.
 -> (artifact id: 'adaa3532231a112a350780a8eb1bcb28') in 0.027349 seconds
Number of updated asset objects reloaded before import = 0
Number of asset objects unloaded after import = 260
========================================================================
Received Import Request.
  Time since last request: 0.000017 seconds.
  path: Assets/Resources/Prefabs/Ingame/Character/Player/Player_Melee_Spear.prefab
  artifactKey: Guid(dc4d03e9834464d82a1dec0da2b8162f) Importer(815301076,1909f56bfc062723c751e8b465ee728b)
Start importing Assets/Resources/Prefabs/Ingame/Character/Player/Player_Melee_Spear.prefab using Guid(dc4d03e9834464d82a1dec0da2b8162f) Importer(815301076,1909f56bfc062723c751e8b465ee728b) [PhysX] Initialized MultithreadedTaskDispatcher with 12 workers.
[PhysX] Initialized MultithreadedTaskDispatcher with 12 workers.
 -> (artifact id: '19a72a1c3c4c370768e6f337fd61e5ad') in 0.028120 seconds
Number of updated asset objects reloaded before import = 0
Number of asset objects unloaded after import = 257
========================================================================
Received Import Request.
  Time since last request: 0.000022 seconds.
  path: Assets/Resources/Prefabs/Ingame/Character/Player/Player_Melee_Shield_Normal.prefab
  artifactKey: Guid(79d6e86fda7674749baa509978485b91) Importer(815301076,1909f56bfc062723c751e8b465ee728b)
Start importing Assets/Resources/Prefabs/Ingame/Character/Player/Player_Melee_Shield_Normal.prefab using Guid(79d6e86fda7674749baa509978485b91) Importer(815301076,1909f56bfc062723c751e8b465ee728b) [PhysX] Initialized MultithreadedTaskDispatcher with 12 workers.
[PhysX] Initialized MultithreadedTaskDispatcher with 12 workers.
 -> (artifact id: '55ab908dec39d5311913544052da2aa6') in 0.028868 seconds
Number of updated asset objects reloaded before import = 0
Number of asset objects unloaded after import = 260
========================================================================
Received Import Request.
  Time since last request: 13.527249 seconds.
  path: Assets/Resources/Prefabs/Ingame/Character/Player/Enemy_Melee_Shield.prefab
  artifactKey: Guid(74081d2c7552d4c17953e46326368c4b) Importer(815301076,1909f56bfc062723c751e8b465ee728b)
Start importing Assets/Resources/Prefabs/Ingame/Character/Player/Enemy_Melee_Shield.prefab using Guid(74081d2c7552d4c17953e46326368c4b) Importer(815301076,1909f56bfc062723c751e8b465ee728b) [PhysX] Initialized MultithreadedTaskDispatcher with 12 workers.
[PhysX] Initialized MultithreadedTaskDispatcher with 12 workers.
 -> (artifact id: '86cd188c819f0eaeee2d58f69d5ada36') in 0.033175 seconds
Number of updated asset objects reloaded before import = 0
Number of asset objects unloaded after import = 260
========================================================================
Received Import Request.
  Time since last request: 0.000016 seconds.
  path: Assets/Resources/Prefabs/Ingame/Character/Player/Player_Melee_Sword.prefab
  artifactKey: Guid(c54b36ee7861c4b41bd1dabf2455160f) Importer(815301076,1909f56bfc062723c751e8b465ee728b)
Start importing Assets/Resources/Prefabs/Ingame/Character/Player/Player_Melee_Sword.prefab using Guid(c54b36ee7861c4b41bd1dabf2455160f) Importer(815301076,1909f56bfc062723c751e8b465ee728b) [PhysX] Initialized MultithreadedTaskDispatcher with 12 workers.
[PhysX] Initialized MultithreadedTaskDispatcher with 12 workers.
 -> (artifact id: '1e1f3af02139328b839efd9d772d0edb') in 0.032724 seconds
Number of updated asset objects reloaded before import = 0
Number of asset objects unloaded after import = 265
========================================================================
Received Import Request.
  Time since last request: 0.000016 seconds.
  path: Assets/Resources/Prefabs/Ingame/Character/Player/Player_Melee_Sword_Berserker.prefab
  artifactKey: Guid(dba443a66548243fe806dd91db6511af) Importer(815301076,1909f56bfc062723c751e8b465ee728b)
Start importing Assets/Resources/Prefabs/Ingame/Character/Player/Player_Melee_Sword_Berserker.prefab using Guid(dba443a66548243fe806dd91db6511af) Importer(815301076,1909f56bfc062723c751e8b465ee728b) [PhysX] Initialized MultithreadedTaskDispatcher with 12 workers.
[PhysX] Initialized MultithreadedTaskDispatcher with 12 workers.
 -> (artifact id: '8be3aa577d2bfae3d5d4e14329bd9e26') in 0.024052 seconds
Number of updated asset objects reloaded before import = 0
Number of asset objects unloaded after import = 260
========================================================================
Received Prepare
Caller must complete domain reload
Begin MonoManager ReloadAssembly
- Loaded All Assemblies, in  0.337 seconds
Native extension for WindowsStandalone target not found
Native extension for Android target not found
Mono: successfully reloaded assembly
- Finished resetting the current domain, in  0.526 seconds
Domain Reload Profiling: 860ms
	BeginReloadAssembly (132ms)
		ExecutionOrderSort (0ms)
		DisableScriptedObjects (8ms)
		BackupInstance (0ms)
		ReleaseScriptingObjects (0ms)
		CreateAndSetChildDomain (22ms)
	RebuildCommonClasses (29ms)
	RebuildNativeTypeToScriptingClass (7ms)
	initialDomainReloadingComplete (22ms)
	LoadAllAssembliesAndSetupDomain (144ms)
		LoadAssemblies (204ms)
		RebuildTransferFunctionScriptingTraits (0ms)
		AnalyzeDomain (14ms)
			TypeCache.Refresh (6ms)
				TypeCache.ScanAssembly (1ms)
			ScanForSourceGeneratedMonoScriptInfo (4ms)
			ResolveRequiredComponents (3ms)
	FinalizeReload (526ms)
		ReleaseScriptCaches (0ms)
		RebuildScriptCaches (0ms)
		SetupLoadedEditorAssemblies (225ms)
			LogAssemblyErrors (0ms)
			InitializePlatformSupportModulesInManaged (16ms)
			SetLoadedEditorAssemblies (2ms)
			RefreshPlugins (0ms)
			BeforeProcessingInitializeOnLoad (50ms)
			ProcessInitializeOnLoadAttributes (125ms)
			ProcessInitializeOnLoadMethodAttributes (24ms)
			AfterProcessingInitializeOnLoad (8ms)
			EditorAssembliesLoaded (0ms)
		ExecutionOrderSort2 (0ms)
		AwakeInstancesAfterBackupRestoration (14ms)
Refreshing native plugins compatible for Editor in 2.05 ms, found 1 plugins.
Preloading 0 native plugins for Editor in 0.00 ms.
Unloading 1577 Unused Serialized files (Serialized files now loaded: 0)
Unloading 12 unused Assets / (54.7 KB). Loaded Objects now: 2087.
Memory consumption went from 89.8 MB to 89.7 MB.
Total: 2.238200 ms (FindLiveObjects: 0.118200 ms CreateObjectMapping: 0.025000 ms MarkObjects: 2.040500 ms  DeleteObjects: 0.054000 ms)

Prepare: number of updated asset objects reloaded= 0
AssetImportParameters requested are different than current active one (requested -> active):
  custom:video-encoder-webm-vp8: eb34c28f22e8b96e1ab97ce403110664 -> 
  custom:video-decoder-webm-vp8: 9c59270c3fd7afecdb556c50c9e8de78 -> 
  custom:audio-decoder-ogg-vorbis: bf7c407c2cedff20999df2af8eb42d56 -> 
  custom:SearchIndexIgnoredProperties: e643bd26f0fe6173181afceb89e7c659 -> 
  custom:container-demuxer-ogg: 62fdf1f143b41e24485cea50d1cbac27 -> 
  custom:AudioImporter_EditorPlatform: d09bf68614088b80899f8185d706f6e7 -> 
  custom:CustomObjectIndexerAttribute: 9a22284fe3817be447336de3de66b15e -> 
  custom:container-demuxer-webm: 4f35f7cbe854078d1ac9338744f61a02 -> 
  custom:video-codec-MediaFoundation-h265: 746d11721c4dcdbdad8f713fa42b33f4 -> 
  custom:video-decoder-ogg-theora: a1e56fd34408186e4bbccfd4996cb3dc -> 
  custom:audio-encoder-webm-vorbis: bf7c407c2cedff20999df2af8eb42d56 -> 
  custom:framework-win-MediaFoundation: 216162199b28c13a410421893ffa2e32 -> 
  custom:scripting/monoscript/fileName/Copy.cs: 8a234045c367ec555ba1861199beabfa -> 2fdeb61c78c968c0aebacc4afd2478f5
  custom:container-muxer-webm: aa71ff27fc2769a1b78a27578f13a17b -> 
========================================================================
Received Prepare
Caller must complete domain reload
Begin MonoManager ReloadAssembly
- Loaded All Assemblies, in  0.319 seconds
Native extension for WindowsStandalone target not found
Native extension for Android target not found
Mono: successfully reloaded assembly
- Finished resetting the current domain, in  0.547 seconds
Domain Reload Profiling: 862ms
	BeginReloadAssembly (134ms)
		ExecutionOrderSort (0ms)
		DisableScriptedObjects (10ms)
		BackupInstance (0ms)
		ReleaseScriptingObjects (0ms)
		CreateAndSetChildDomain (20ms)
	RebuildCommonClasses (27ms)
	RebuildNativeTypeToScriptingClass (11ms)
	initialDomainReloadingComplete (26ms)
	LoadAllAssembliesAndSetupDomain (117ms)
		LoadAssemblies (188ms)
		RebuildTransferFunctionScriptingTraits (0ms)
		AnalyzeDomain (5ms)
			TypeCache.Refresh (3ms)
				TypeCache.ScanAssembly (0ms)
			ScanForSourceGeneratedMonoScriptInfo (0ms)
			ResolveRequiredComponents (2ms)
	FinalizeReload (548ms)
		ReleaseScriptCaches (0ms)
		RebuildScriptCaches (0ms)
		SetupLoadedEditorAssemblies (250ms)
			LogAssemblyErrors (0ms)
			InitializePlatformSupportModulesInManaged (19ms)
			SetLoadedEditorAssemblies (2ms)
			RefreshPlugins (0ms)
			BeforeProcessingInitializeOnLoad (50ms)
			ProcessInitializeOnLoadAttributes (140ms)
			ProcessInitializeOnLoadMethodAttributes (28ms)
			AfterProcessingInitializeOnLoad (10ms)
			EditorAssembliesLoaded (0ms)
		ExecutionOrderSort2 (0ms)
		AwakeInstancesAfterBackupRestoration (17ms)
Refreshing native plugins compatible for Editor in 2.94 ms, found 1 plugins.
Preloading 0 native plugins for Editor in 0.00 ms.
Unloading 1578 Unused Serialized files (Serialized files now loaded: 0)
Unloading 10 unused Assets / (26.4 KB). Loaded Objects now: 2091.
Memory consumption went from 90.0 MB to 90.0 MB.
Total: 2.631000 ms (FindLiveObjects: 0.115200 ms CreateObjectMapping: 0.022000 ms MarkObjects: 2.460400 ms  DeleteObjects: 0.032800 ms)

Prepare: number of updated asset objects reloaded= 0
AssetImportParameters requested are different than current active one (requested -> active):
  custom:video-encoder-webm-vp8: eb34c28f22e8b96e1ab97ce403110664 -> 
  custom:video-decoder-webm-vp8: 9c59270c3fd7afecdb556c50c9e8de78 -> 
  custom:audio-decoder-ogg-vorbis: bf7c407c2cedff20999df2af8eb42d56 -> 
  custom:SearchIndexIgnoredProperties: e643bd26f0fe6173181afceb89e7c659 -> 
  custom:container-demuxer-ogg: 62fdf1f143b41e24485cea50d1cbac27 -> 
  custom:AudioImporter_EditorPlatform: d09bf68614088b80899f8185d706f6e7 -> 
  custom:CustomObjectIndexerAttribute: 9a22284fe3817be447336de3de66b15e -> 
  custom:container-demuxer-webm: 4f35f7cbe854078d1ac9338744f61a02 -> 
  custom:video-codec-MediaFoundation-h265: 746d11721c4dcdbdad8f713fa42b33f4 -> 
  custom:video-decoder-ogg-theora: a1e56fd34408186e4bbccfd4996cb3dc -> 
  custom:audio-encoder-webm-vorbis: bf7c407c2cedff20999df2af8eb42d56 -> 
  custom:framework-win-MediaFoundation: 216162199b28c13a410421893ffa2e32 -> 
  custom:scripting/monoscript/fileName/Copy.cs: 8a234045c367ec555ba1861199beabfa -> 2fdeb61c78c968c0aebacc4afd2478f5
  custom:container-muxer-webm: aa71ff27fc2769a1b78a27578f13a17b -> 
========================================================================
Received Import Request.
  Time since last request: 17.750780 seconds.
  path: Assets/Resources/Prefabs/Ingame/Character/Player/Enemy_Melee_Shield.prefab
  artifactKey: Guid(74081d2c7552d4c17953e46326368c4b) Importer(815301076,1909f56bfc062723c751e8b465ee728b)
Start importing Assets/Resources/Prefabs/Ingame/Character/Player/Enemy_Melee_Shield.prefab using Guid(74081d2c7552d4c17953e46326368c4b) Importer(815301076,1909f56bfc062723c751e8b465ee728b) [PhysX] Initialized MultithreadedTaskDispatcher with 12 workers.
[PhysX] Initialized MultithreadedTaskDispatcher with 12 workers.
 -> (artifact id: '6f085b40322686a2bb1f7af5f08507c0') in 0.058491 seconds
Number of updated asset objects reloaded before import = 0
Number of asset objects unloaded after import = 262
========================================================================
Received Import Request.
  Time since last request: 3.215352 seconds.
  path: Assets/Resources/Prefabs/Ingame/Character/Player/Enemy_Melee_Shield.prefab
  artifactKey: Guid(74081d2c7552d4c17953e46326368c4b) Importer(815301076,1909f56bfc062723c751e8b465ee728b)
Start importing Assets/Resources/Prefabs/Ingame/Character/Player/Enemy_Melee_Shield.prefab using Guid(74081d2c7552d4c17953e46326368c4b) Importer(815301076,1909f56bfc062723c751e8b465ee728b) [PhysX] Initialized MultithreadedTaskDispatcher with 12 workers.
[PhysX] Initialized MultithreadedTaskDispatcher with 12 workers.
 -> (artifact id: '2a7a275a519c55e6c2d8192637d5598a') in 0.027802 seconds
Number of updated asset objects reloaded before import = 0
Number of asset objects unloaded after import = 262
========================================================================
Received Import Request.
  Time since last request: 1.796179 seconds.
  path: Assets/Resources/Prefabs/Ingame/Character/Player/Enemy_Melee_Shield.prefab
  artifactKey: Guid(74081d2c7552d4c17953e46326368c4b) Importer(815301076,1909f56bfc062723c751e8b465ee728b)
Start importing Assets/Resources/Prefabs/Ingame/Character/Player/Enemy_Melee_Shield.prefab using Guid(74081d2c7552d4c17953e46326368c4b) Importer(815301076,1909f56bfc062723c751e8b465ee728b) [PhysX] Initialized MultithreadedTaskDispatcher with 12 workers.
[PhysX] Initialized MultithreadedTaskDispatcher with 12 workers.
 -> (artifact id: '4032e47064fb902df3c2c4666a8343bf') in 0.021742 seconds
Number of updated asset objects reloaded before import = 0
Number of asset objects unloaded after import = 263
========================================================================
Received Import Request.
  Time since last request: 13.674974 seconds.
  path: Assets/Resources/Prefabs/Ingame/Character/Player/Enemy_Melee_Shield.prefab
  artifactKey: Guid(74081d2c7552d4c17953e46326368c4b) Importer(815301076,1909f56bfc062723c751e8b465ee728b)
Start importing Assets/Resources/Prefabs/Ingame/Character/Player/Enemy_Melee_Shield.prefab using Guid(74081d2c7552d4c17953e46326368c4b) Importer(815301076,1909f56bfc062723c751e8b465ee728b) [PhysX] Initialized MultithreadedTaskDispatcher with 12 workers.
[PhysX] Initialized MultithreadedTaskDispatcher with 12 workers.
 -> (artifact id: '9d6242cffa5c59e401004a8b7f474268') in 0.030737 seconds
Number of updated asset objects reloaded before import = 0
Number of asset objects unloaded after import = 263
========================================================================
Received Import Request.
  Time since last request: 3.601064 seconds.
  path: Assets/Resources/Prefabs/Ingame/Character/Player/Enemy_Melee_Shield.prefab
  artifactKey: Guid(74081d2c7552d4c17953e46326368c4b) Importer(815301076,1909f56bfc062723c751e8b465ee728b)
Start importing Assets/Resources/Prefabs/Ingame/Character/Player/Enemy_Melee_Shield.prefab using Guid(74081d2c7552d4c17953e46326368c4b) Importer(815301076,1909f56bfc062723c751e8b465ee728b) [PhysX] Initialized MultithreadedTaskDispatcher with 12 workers.
[PhysX] Initialized MultithreadedTaskDispatcher with 12 workers.
 -> (artifact id: 'cb3514a5cec31d1a2365339beb864b5a') in 0.024950 seconds
Number of updated asset objects reloaded before import = 0
Number of asset objects unloaded after import = 263
========================================================================
Received Import Request.
  Time since last request: 3.798589 seconds.
  path: Assets/Resources/Prefabs/Ingame/Character/Player/Enemy_Melee_Shield.prefab
  artifactKey: Guid(74081d2c7552d4c17953e46326368c4b) Importer(815301076,1909f56bfc062723c751e8b465ee728b)
Start importing Assets/Resources/Prefabs/Ingame/Character/Player/Enemy_Melee_Shield.prefab using Guid(74081d2c7552d4c17953e46326368c4b) Importer(815301076,1909f56bfc062723c751e8b465ee728b) [PhysX] Initialized MultithreadedTaskDispatcher with 12 workers.
[PhysX] Initialized MultithreadedTaskDispatcher with 12 workers.
 -> (artifact id: '1fe32a344fa689d91b757c809a6288ab') in 0.023357 seconds
Number of updated asset objects reloaded before import = 0
Number of asset objects unloaded after import = 263
========================================================================
Received Import Request.
  Time since last request: 2.397740 seconds.
  path: Assets/Resources/Prefabs/Ingame/Character/Player/Enemy_Melee_Shield.prefab
  artifactKey: Guid(74081d2c7552d4c17953e46326368c4b) Importer(815301076,1909f56bfc062723c751e8b465ee728b)
Start importing Assets/Resources/Prefabs/Ingame/Character/Player/Enemy_Melee_Shield.prefab using Guid(74081d2c7552d4c17953e46326368c4b) Importer(815301076,1909f56bfc062723c751e8b465ee728b) [PhysX] Initialized MultithreadedTaskDispatcher with 12 workers.
[PhysX] Initialized MultithreadedTaskDispatcher with 12 workers.
 -> (artifact id: 'af4dc54aed6e9cf7942494a3d321d9b2') in 0.021692 seconds
Number of updated asset objects reloaded before import = 0
Number of asset objects unloaded after import = 263
========================================================================
Received Import Request.
  Time since last request: 8.046663 seconds.
  path: Assets/Resources/Prefabs/Ingame/Character/Player/Enemy_Melee_Shield.prefab
  artifactKey: Guid(74081d2c7552d4c17953e46326368c4b) Importer(815301076,1909f56bfc062723c751e8b465ee728b)
Start importing Assets/Resources/Prefabs/Ingame/Character/Player/Enemy_Melee_Shield.prefab using Guid(74081d2c7552d4c17953e46326368c4b) Importer(815301076,1909f56bfc062723c751e8b465ee728b) [PhysX] Initialized MultithreadedTaskDispatcher with 12 workers.
[PhysX] Initialized MultithreadedTaskDispatcher with 12 workers.
 -> (artifact id: 'b143b774c26f793a75f0af2ba6ad4c58') in 0.075238 seconds
Number of updated asset objects reloaded before import = 0
Number of asset objects unloaded after import = 263
========================================================================
Received Import Request.
  Time since last request: 1.535188 seconds.
  path: Assets/Resources/Prefabs/Ingame/Character/Player/Enemy_Melee_Shield.prefab
  artifactKey: Guid(74081d2c7552d4c17953e46326368c4b) Importer(815301076,1909f56bfc062723c751e8b465ee728b)
Start importing Assets/Resources/Prefabs/Ingame/Character/Player/Enemy_Melee_Shield.prefab using Guid(74081d2c7552d4c17953e46326368c4b) Importer(815301076,1909f56bfc062723c751e8b465ee728b) [PhysX] Initialized MultithreadedTaskDispatcher with 12 workers.
[PhysX] Initialized MultithreadedTaskDispatcher with 12 workers.
 -> (artifact id: '6844eeb09f973857c270638e4f0d370c') in 0.021681 seconds
Number of updated asset objects reloaded before import = 0
Number of asset objects unloaded after import = 263
========================================================================
Received Prepare
Caller must complete domain reload
Begin MonoManager ReloadAssembly
- Loaded All Assemblies, in  0.293 seconds
Native extension for WindowsStandalone target not found
Native extension for Android target not found
Mono: successfully reloaded assembly
- Finished resetting the current domain, in  0.466 seconds
Domain Reload Profiling: 756ms
	BeginReloadAssembly (122ms)
		ExecutionOrderSort (0ms)
		DisableScriptedObjects (7ms)
		BackupInstance (0ms)
		ReleaseScriptingObjects (0ms)
		CreateAndSetChildDomain (22ms)
	RebuildCommonClasses (22ms)
	RebuildNativeTypeToScriptingClass (7ms)
	initialDomainReloadingComplete (22ms)
	LoadAllAssembliesAndSetupDomain (117ms)
		LoadAssemblies (176ms)
		RebuildTransferFunctionScriptingTraits (0ms)
		AnalyzeDomain (7ms)
			TypeCache.Refresh (3ms)
				TypeCache.ScanAssembly (0ms)
			ScanForSourceGeneratedMonoScriptInfo (0ms)
			ResolveRequiredComponents (3ms)
	FinalizeReload (467ms)
		ReleaseScriptCaches (0ms)
		RebuildScriptCaches (0ms)
		SetupLoadedEditorAssemblies (210ms)
			LogAssemblyErrors (0ms)
			InitializePlatformSupportModulesInManaged (13ms)
			SetLoadedEditorAssemblies (2ms)
			RefreshPlugins (0ms)
			BeforeProcessingInitializeOnLoad (35ms)
			ProcessInitializeOnLoadAttributes (124ms)
			ProcessInitializeOnLoadMethodAttributes (25ms)
			AfterProcessingInitializeOnLoad (10ms)
			EditorAssembliesLoaded (0ms)
		ExecutionOrderSort2 (0ms)
		AwakeInstancesAfterBackupRestoration (15ms)
Refreshing native plugins compatible for Editor in 2.75 ms, found 1 plugins.
Preloading 0 native plugins for Editor in 0.00 ms.
Unloading 1577 Unused Serialized files (Serialized files now loaded: 0)
Unloading 12 unused Assets / (54.7 KB). Loaded Objects now: 2095.
Memory consumption went from 89.8 MB to 89.7 MB.
Total: 2.941000 ms (FindLiveObjects: 0.196700 ms CreateObjectMapping: 0.071800 ms MarkObjects: 2.600900 ms  DeleteObjects: 0.070900 ms)

Prepare: number of updated asset objects reloaded= 0
AssetImportParameters requested are different than current active one (requested -> active):
  custom:video-encoder-webm-vp8: eb34c28f22e8b96e1ab97ce403110664 -> 
  custom:video-decoder-webm-vp8: 9c59270c3fd7afecdb556c50c9e8de78 -> 
  custom:audio-decoder-ogg-vorbis: bf7c407c2cedff20999df2af8eb42d56 -> 
  custom:SearchIndexIgnoredProperties: e643bd26f0fe6173181afceb89e7c659 -> 
  custom:container-demuxer-ogg: 62fdf1f143b41e24485cea50d1cbac27 -> 
  custom:AudioImporter_EditorPlatform: d09bf68614088b80899f8185d706f6e7 -> 
  custom:CustomObjectIndexerAttribute: 9a22284fe3817be447336de3de66b15e -> 
  custom:container-demuxer-webm: 4f35f7cbe854078d1ac9338744f61a02 -> 
  custom:video-codec-MediaFoundation-h265: 746d11721c4dcdbdad8f713fa42b33f4 -> 
  custom:video-decoder-ogg-theora: a1e56fd34408186e4bbccfd4996cb3dc -> 
  custom:audio-encoder-webm-vorbis: bf7c407c2cedff20999df2af8eb42d56 -> 
  custom:framework-win-MediaFoundation: 216162199b28c13a410421893ffa2e32 -> 
  custom:scripting/monoscript/fileName/Copy.cs: 8a234045c367ec555ba1861199beabfa -> 2fdeb61c78c968c0aebacc4afd2478f5
  custom:container-muxer-webm: aa71ff27fc2769a1b78a27578f13a17b -> 
========================================================================
Received Import Request.
  Time since last request: 193.695422 seconds.
  path: Assets/Resources/Sprites/Map/AnimatedAutum.png
  artifactKey: Guid(6de043036f1a3d94ba83bfd543ffc9d3) Importer(815301076,1909f56bfc062723c751e8b465ee728b)
Start importing Assets/Resources/Sprites/Map/AnimatedAutum.png using Guid(6de043036f1a3d94ba83bfd543ffc9d3) Importer(815301076,1909f56bfc062723c751e8b465ee728b) [PhysX] Initialized MultithreadedTaskDispatcher with 12 workers.
[PhysX] Initialized MultithreadedTaskDispatcher with 12 workers.
 -> (artifact id: '1068a7b40e463d18bb925b66000fe4c7') in 0.052462 seconds
Number of updated asset objects reloaded before import = 0
Number of asset objects unloaded after import = 3
========================================================================
Received Import Request.
  Time since last request: 24.377248 seconds.
  path: Assets/Resources/Sprites/Map/AnimatedAutum.png
  artifactKey: Guid(6de043036f1a3d94ba83bfd543ffc9d3) Importer(815301076,1909f56bfc062723c751e8b465ee728b)
Start importing Assets/Resources/Sprites/Map/AnimatedAutum.png using Guid(6de043036f1a3d94ba83bfd543ffc9d3) Importer(815301076,1909f56bfc062723c751e8b465ee728b) [PhysX] Initialized MultithreadedTaskDispatcher with 12 workers.
[PhysX] Initialized MultithreadedTaskDispatcher with 12 workers.
 -> (artifact id: '4911c6ab31aaeecefef6099692e01b55') in 0.011724 seconds
Number of updated asset objects reloaded before import = 0
Number of asset objects unloaded after import = 2
========================================================================
Received Import Request.
  Time since last request: 27.075887 seconds.
  path: Assets/Resources/Sprites/Map/AnimatedAutum.png
  artifactKey: Guid(6de043036f1a3d94ba83bfd543ffc9d3) Importer(815301076,1909f56bfc062723c751e8b465ee728b)
Start importing Assets/Resources/Sprites/Map/AnimatedAutum.png using Guid(6de043036f1a3d94ba83bfd543ffc9d3) Importer(815301076,1909f56bfc062723c751e8b465ee728b) [PhysX] Initialized MultithreadedTaskDispatcher with 12 workers.
[PhysX] Initialized MultithreadedTaskDispatcher with 12 workers.
 -> (artifact id: '6d9685e9322679e17674f02dee19dfcc') in 0.027432 seconds
Number of updated asset objects reloaded before import = 0
Number of asset objects unloaded after import = 18
========================================================================
Received Import Request.
  Time since last request: 29.753337 seconds.
  path: Assets/Resources/Animation
  artifactKey: Guid(c4833038c2f745549a2f90dd654ad042) Importer(815301076,1909f56bfc062723c751e8b465ee728b)
Start importing Assets/Resources/Animation using Guid(c4833038c2f745549a2f90dd654ad042) Importer(815301076,1909f56bfc062723c751e8b465ee728b) [PhysX] Initialized MultithreadedTaskDispatcher with 12 workers.
 -> (artifact id: 'f8a97d9b613929e2202265259fc2fe3e') in 0.000486 seconds
Number of updated asset objects reloaded before import = 0
Number of asset objects unloaded after import = 0
========================================================================
Received Import Request.
  Time since last request: 5.688575 seconds.
  path: Assets/Resources/Animation/Tree
  artifactKey: Guid(8724f2d20ee4a034cbeae1bf14c6a869) Importer(815301076,1909f56bfc062723c751e8b465ee728b)
Start importing Assets/Resources/Animation/Tree using Guid(8724f2d20ee4a034cbeae1bf14c6a869) Importer(815301076,1909f56bfc062723c751e8b465ee728b) [PhysX] Initialized MultithreadedTaskDispatcher with 12 workers.
 -> (artifact id: '3aa14711d4a7da1471a040e83ce9c7aa') in 0.000420 seconds
Number of updated asset objects reloaded before import = 0
Number of asset objects unloaded after import = 0
========================================================================
Received Import Request.
  Time since last request: 180.624197 seconds.
  path: Assets/Edinnu_UI_asset_pack/UI.png
  artifactKey: Guid(61132820fa786ae4c8b5356c55e83971) Importer(815301076,1909f56bfc062723c751e8b465ee728b)
Start importing Assets/Edinnu_UI_asset_pack/UI.png using Guid(61132820fa786ae4c8b5356c55e83971) Importer(815301076,1909f56bfc062723c751e8b465ee728b) [PhysX] Initialized MultithreadedTaskDispatcher with 12 workers.
[PhysX] Initialized MultithreadedTaskDispatcher with 12 workers.
 -> (artifact id: '9dc300f63145277d8fc040549106da48') in 0.049545 seconds
Number of updated asset objects reloaded before import = 0
Number of asset objects unloaded after import = 3
========================================================================
Received Import Request.
  Time since last request: 2.855290 seconds.
  path: Assets/Edinnu_UI_asset_pack/Heart_icons
  artifactKey: Guid(a3ba094d64d2d254eb40ab435cd50d84) Importer(815301076,1909f56bfc062723c751e8b465ee728b)
Start importing Assets/Edinnu_UI_asset_pack/Heart_icons using Guid(a3ba094d64d2d254eb40ab435cd50d84) Importer(815301076,1909f56bfc062723c751e8b465ee728b) [PhysX] Initialized MultithreadedTaskDispatcher with 12 workers.
 -> (artifact id: '487e6967d7d6cc1bbe6d44f5913de152') in 0.001779 seconds
Number of updated asset objects reloaded before import = 0
Number of asset objects unloaded after import = 0
========================================================================
Received Import Request.
  Time since last request: 111.289903 seconds.
  path: Assets/Edinnu_UI_asset_pack/Sliders/Slider (1).png
  artifactKey: Guid(54664b3edc138b44f802ed7658cc45ce) Importer(815301076,1909f56bfc062723c751e8b465ee728b)
Start importing Assets/Edinnu_UI_asset_pack/Sliders/Slider (1).png using Guid(54664b3edc138b44f802ed7658cc45ce) Importer(815301076,1909f56bfc062723c751e8b465ee728b) [PhysX] Initialized MultithreadedTaskDispatcher with 12 workers.
[PhysX] Initialized MultithreadedTaskDispatcher with 12 workers.
 -> (artifact id: '47c56649b7581e055d705db691332365') in 0.011157 seconds
Number of updated asset objects reloaded before import = 0
Number of asset objects unloaded after import = 3
========================================================================
Received Import Request.
  Time since last request: 0.005420 seconds.
  path: Assets/Edinnu_UI_asset_pack/Sliders/Slider (2).png
  artifactKey: Guid(bff8d9b7765bdb84e987238c29fd8fe2) Importer(815301076,1909f56bfc062723c751e8b465ee728b)
Start importing Assets/Edinnu_UI_asset_pack/Sliders/Slider (2).png using Guid(bff8d9b7765bdb84e987238c29fd8fe2) Importer(815301076,1909f56bfc062723c751e8b465ee728b) [PhysX] Initialized MultithreadedTaskDispatcher with 12 workers.
[PhysX] Initialized MultithreadedTaskDispatcher with 12 workers.
 -> (artifact id: '979a436ba7a1a35ab79fbfc2cdd0c91c') in 0.013425 seconds
Number of updated asset objects reloaded before import = 0
Number of asset objects unloaded after import = 3
========================================================================
Received Import Request.
  Time since last request: 0.000014 seconds.
  path: Assets/Edinnu_UI_asset_pack/Sliders/Slider (8).png
  artifactKey: Guid(0c213b8df43006d48b0c1797a3c78f3d) Importer(815301076,1909f56bfc062723c751e8b465ee728b)
Start importing Assets/Edinnu_UI_asset_pack/Sliders/Slider (8).png using Guid(0c213b8df43006d48b0c1797a3c78f3d) Importer(815301076,1909f56bfc062723c751e8b465ee728b) [PhysX] Initialized MultithreadedTaskDispatcher with 12 workers.
[PhysX] Initialized MultithreadedTaskDispatcher with 12 workers.
 -> (artifact id: '9bf1665388ea58c2e3791dc6d190ce2c') in 0.012782 seconds
Number of updated asset objects reloaded before import = 0
Number of asset objects unloaded after import = 3
========================================================================
Received Import Request.
  Time since last request: 0.000015 seconds.
  path: Assets/Edinnu_UI_asset_pack/Sliders/Slider (4).png
  artifactKey: Guid(01d06488fcd67cf4eb2d408e88c5ad08) Importer(815301076,1909f56bfc062723c751e8b465ee728b)
Start importing Assets/Edinnu_UI_asset_pack/Sliders/Slider (4).png using Guid(01d06488fcd67cf4eb2d408e88c5ad08) Importer(815301076,1909f56bfc062723c751e8b465ee728b) [PhysX] Initialized MultithreadedTaskDispatcher with 12 workers.
[PhysX] Initialized MultithreadedTaskDispatcher with 12 workers.
 -> (artifact id: '09d4b7f9e8e22b239f18167312fcf341') in 0.013181 seconds
Number of updated asset objects reloaded before import = 0
Number of asset objects unloaded after import = 3
Editor requested this worker to shutdown with reason: Scaling down because of idle timeout
TcpMessagingSession - receive error: operation aborted. errorcode: 995, details:        I/O  .
AssetImportWorker is now disconnected from the server
Process exiting
Exiting without the bug reporter. Application will terminate with return code 0